--------------------------------------------------------------------------------
JobId          : AZAPXLPF54LQAG-0-67c0b5cb
Name           : ligprep_3
Program        : LigPrep
Version        : 2021-3 build 137
Host           : AZAPXLPF54LQAG
Dir            : C:\Users\kmml910\OneDrive - AZCollaboration\Documents\Coding\Mouse_microsomal_stability\ML ready dataset\better ligprep_training_dataset759compounds\ligprep_3
HostEntry      : localhost
JobHost        : AZAPXLPF54LQAG
JobDir         : C:\Users\kmml910\AppData\Local\Schrodinger\tmp\ligprep_3
JobSchrodinger : C:\Program Files\Schrodinger2021-3
Commandline    : C:\Program Files\Schrodinger2021-3\ligprep.exe -inp ligprep_3.inp -HOST localhost:1 -NJOBS 1 -PROJ C:\Users\kmml910\AppData\Local\Schrodinger\tmp\Tmp_24Feb2025_1025_42953 -DISP append -VIEWNAME ligprep_gui.LigPrepPanel -TMPLAUNCHDIR
StartTime      : 2025-02-27-18:58:20
--------------------------------------------------------------------------------
LigPrep (version 59137). Copyright Schrodinger, LLC. All rights reserved.

LigPrep command:
$SCHRODINGER/ligprep -ma 500 -bff 16 -epik -s 32 -isd ligprep_3.sdf -omae ligprep_3-out.maegz

Processing steps:
$DO.sdconvert_in -bad -orig_file_index 0 -orig_file ligprep_3.sdf ligprep_3.sdf
$DO.sdstereoexpander -add_hydrogens -max_output 32 -max_generated 1024 <infile.mae> <outfile.mae>
$DO.htreat -t All-None -a all -s -l 500 <infile.mae> <outfile.mae>
$DO.desalter <infile.mae> <outfile.mae>
$DO.neutralizer -m 500 <infile.mae> <outfile.mae>
$DO.epik.py -ph 7.0 -tn 8 -ma 500 -imae <infile.mae> -omae <outfile.mae>
$DO.guard <infile.mae> <outfile.mae>
$DO.stereoizer -label_specified_chiralities -n 32 <infile.mae> <outfile.mae>
$DO.cgx -optimize -ffld 16 -epsilon 10.0 <infile.mae> <outfile.mae>
$DO.filterstereo -max_stereo 32 <infile.mae> <outfile.mae>

DO=$SCHRODINGER\run python3 -m schrodinger.application.macromodel.packages.ligprep3

# counts of output and dropped structures after processing steps
# index  sdstex  htreat  desalt  neutra   epik    guard  stereo    cgx   filter  title
       1   1/0     1/0     1/0     1/0     1/0     1/0     1/0     1/0     1/0   '6444403'
       2   1/0     1/0     1/0     1/0     1/0     1/0     1/0     1/0     1/0   '11571413'
       3   1/0     1/0     1/0     1/0     1/0     1/0     1/0     1/0     1/0   '11535162'
       4   1/0     1/0     1/0     1/0     1/0     1/0     1/0     1/0     1/0   '16103018'
       5   1/0     1/0     1/0     1/0     1/0     1/0     1/0     1/0     1/0   '44419469'
       6   1/0     1/0     1/0     1/0     1/0     1/0     1/0     1/0     1/0   '19561091'
       7   1/0     1/0     1/0     1/0     1/0     1/0     1/0     1/0     1/0   '23631549'
       8   1/0     1/0     1/0     1/0     1/0     1/0     1/0     1/0     1/0   '23631547'
       9   2/0     2/0     2/0     2/0     4/0     4/0     4/0     4/0     4/0   '44436401'
      10   1/0     1/0     1/0     1/0     2/0     2/0     2/0     2/0     2/0   '5905'
      11   1/0     1/0     1/0     1/0     1/0     1/0     1/0     1/0     1/0   '25148306'
      12   1/0     1/0     1/0     1/0     1/0     1/0     1/0     1/0     1/0   '23731287'
      13   1/0     1/0     1/0     1/0     1/0     1/0     1/0     1/0     1/0   '23731286'
      14   1/0     1/0     1/0     1/0     1/0     1/0     1/0     1/0     1/0   '23731284'
      15   1/0     1/0     1/0     1/0     1/0     1/0     1/0     1/0     1/0   '23731283'
      16   1/0     1/0     1/0     1/0     1/0     1/0     1/0     1/0     1/0   '23731282'
      17   2/0     2/0     2/0     2/0     4/0     4/0     4/0     4/0     4/0   '24777274'
      18   2/0     2/0     2/0     2/0     4/0     4/0     4/0     4/0     4/0   '24777272'
      19   2/0     2/0     2/0     2/0     4/0     4/0     4/0     4/0     4/0   '24777132'
      20   2/0     2/0     2/0     2/0     4/0     4/0     4/0     4/0     4/0   '24777018'
      21   2/0     2/0     2/0     2/0     4/0     4/0     4/0     4/0     4/0   '17759517'
      22   2/0     2/0     2/0     2/0     4/0     4/0     4/0     4/0     4/0   '11364483'
      23   2/0     2/0     2/0     2/0     4/0     4/0     4/0     4/0     4/0   '11307004'
      24   2/0     2/0     2/0     2/0     4/0     4/0     4/0     4/0     4/0   '44455436'
      25   2/0     2/0     2/0     2/0     4/0     4/0     4/0     4/0     4/0   '44455435'
      26   2/0     2/0     2/0     2/0     4/0     4/0     4/0     4/0     4/0   '17759162'
      27   2/0     2/0     2/0     2/0     4/0     4/0     4/0     4/0     4/0   '17758329'
      28   2/0     2/0     2/0     2/0     4/0     4/0     4/0     4/0     4/0   '17758320'
      29   1/0     1/0     1/0     1/0     3/0     3/0     5/0     5/0     5/0   '24824635'
      30   1/0     1/0     1/0     1/0     3/0     3/0     5/0     5/0     5/0   '5284594'
      31   1/0     1/0     1/0     1/0     3/0     3/0     3/0     3/0     3/0   '24828735'
      32   1/0     1/0     1/0     1/0     1/0     1/0     1/0     1/0     1/0   '24828732'
      33   1/0     1/0     1/0     1/0     1/0     1/0     1/0     1/0     1/0   '24828589'
      34   1/0     1/0     1/0     1/0     1/0     1/0     1/0     1/0     1/0   '24828587'
      35   1/0     1/0     1/0     1/0     2/0     2/0     2/0     2/0     2/0   '24828585'
      36   1/0     1/0     1/0     1/0     1/0     1/0     1/0     1/0     1/0   '25189693'
      37   1/0     1/0     1/0     1/0     1/0     1/0     1/0     1/0     1/0   '25189626'
      38   1/0     1/0     1/0     1/0     1/0     1/0     1/0     1/0     1/0   '24857830'
      39   1/0     1/0     1/0     1/0     1/0     1/0     1/0     1/0     1/0   '9878731'
      40   1/0     1/0     1/0     1/0     1/0     1/0     1/0     1/0     1/0   '44453640'
      41   1/0     1/0     1/0     1/0     1/0     1/0     1/0     1/0     1/0   '44453585'
      42   1/0     1/0     1/0     1/0     1/0     1/0     1/0     1/0     1/0   '44453470'
      43   1/0     1/0     1/0     1/0     1/0     1/0     1/0     1/0     1/0   '44453168'
      44   1/0     1/0     1/0     1/0     1/0     1/0     1/0     1/0     1/0   '44568372'
      45   1/0     1/0     1/0     1/0     1/0     1/0     1/0     1/0     1/0   '24906061'
      46   1/0     1/0     1/0     1/0     1/0     1/0     1/0     1/0     1/0   '24906060'
      47   1/0     1/0     1/0     1/0     1/0     1/0     1/0     1/0     1/0   '24906059'
      48   1/0     1/0     1/0     1/0     1/0     1/0     1/0     1/0     1/0   '24906057'
      49   1/0     1/0     1/0     1/0     1/0     1/0     1/0     1/0     1/0   '24906056'
      50   1/0     1/0     1/0     1/0     1/0     1/0     1/0     1/0     1/0   '2741412'
# counts of output and dropped structures after processing steps
# index  sdstex  htreat  desalt  neutra   epik    guard  stereo    cgx   filter  title
Adding general crowding pattern: count 1
number of matches for crowding type: deprotonated_amide_ortho_to_aromatic_nX2: abs type: General aromatic protonated n (formally charged): 1
      51   1/0     1/0     1/0     1/0     1/0     1/0     1/0     1/0     1/0   '24906120'
Adding general crowding pattern: count 1
number of matches for crowding type: deprotonated_amide_ortho_to_aromatic_nX2: abs type: General aromatic protonated n (formally charged): 1
Adding general crowding pattern: count 1
number of matches for crowding type: deprotonated_amide_ortho_to_aromatic_nX2: abs type: General aromatic protonated n (formally charged): 1
      52   1/0     1/0     1/0     1/0     1/0     1/0     1/0     1/0     1/0   '24906119'
Adding general crowding pattern: count 1
number of matches for crowding type: deprotonated_amide_ortho_to_aromatic_nX2: abs type: General aromatic protonated n (formally charged): 1
      53   1/0     1/0     1/0     1/0     1/0     1/0     1/0     1/0     1/0   '24906118'
Adding general crowding pattern: count 1
number of matches for crowding type: deprotonated_amide_ortho_to_aromatic_nX2: abs type: General aromatic protonated n (formally charged): 1
      54   1/0     1/0     1/0     1/0     1/0     1/0     1/0     1/0     1/0   '24906076'
Adding general crowding pattern: count 1
number of matches for crowding type: deprotonated_amide_ortho_to_aromatic_nX2: abs type: General aromatic protonated n (formally charged): 1
      55   1/0     1/0     1/0     1/0     1/0     1/0     1/0     1/0     1/0   '11743862'
Adding general crowding pattern: count 1
number of matches for crowding type: deprotonated_amide_ortho_to_aromatic_nX2: abs type: General aromatic protonated n (formally charged): 1
Adding general crowding pattern: count 1
number of matches for crowding type: deprotonated_amide_ortho_to_aromatic_nX2: abs type: General aromatic protonated n (formally charged): 1
Adding general crowding pattern: count 1
number of matches for crowding type: deprotonated_amide_ortho_to_aromatic_nX2: abs type: General aromatic protonated n (formally charged): 1
Adding general crowding pattern: count 1
number of matches for crowding type: deprotonated_amide_ortho_to_aromatic_nX2: abs type: General aromatic protonated n (formally charged): 1
      56   2/0     2/0     2/0     2/0     2/0     2/0     2/0     2/0     2/0   '10408333'
Adding general crowding pattern: count 1
number of matches for crowding type: deprotonated_amide_ortho_to_aromatic_nX2: abs type: General aromatic protonated n (formally charged): 1
      57   1/0     1/0     1/0     1/0     1/0     1/0     1/0     1/0     1/0   '10385853'
Adding general crowding pattern: count 1
number of matches for crowding type: deprotonated_amide_ortho_to_aromatic_nX2: abs type: General aromatic protonated n (formally charged): 1
Adding general crowding pattern: count 1
number of matches for crowding type: deprotonated_amide_ortho_to_aromatic_nX2: abs type: General aromatic protonated n (formally charged): 1
      58   1/0     1/0     1/0     1/0     1/0     1/0     1/0     1/0     1/0   '10250045'
      59   1/0     1/0     1/0     1/0     3/0     3/0     3/0     3/0     3/0   '44223241'
      60   1/0     1/0     1/0     1/0     2/0     2/0     2/0     2/0     2/0   '25195294'
      61   1/0     1/0     1/0     1/0     2/0     2/0     2/0     2/0     2/0   '11524144'
      62   1/0     1/0     1/0     1/0     1/0     1/0     1/0     1/0     1/0   '44560814'
      63   1/0     1/0     1/0     1/0     1/0     1/0     1/0     1/0     1/0   '44560789'
      64   1/0     1/0     1/0     1/0     1/0     1/0     1/0     1/0     1/0   '44560787'
      65   1/0     1/0     1/0     1/0     1/0     1/0     1/0     1/0     1/0   '44560786'
      66   1/0     1/0     1/0     1/0     1/0     1/0     1/0     1/0     1/0   '44560785'
      67   1/0     1/0     1/0     1/0     1/0     1/0     1/0     1/0     1/0   '44560784'
      68   1/0     1/0     1/0     1/0     1/0     1/0     1/0     1/0     1/0   '44560783'
      69   1/0     1/0     1/0     1/0     1/0     1/0     1/0     1/0     1/0   '44560782'
      70   2/0     2/0     2/0     2/0     4/0     4/0     4/0     4/0     4/0   '17758430'
      71   2/0     2/0     2/0     2/0     4/0     4/0     4/0     4/0     4/0   '17758316'
      72   2/0     2/0     2/0     2/0     4/0     4/0     4/0     4/0     4/0   '17758113'
      73   2/0     2/0     2/0     2/0     4/0     4/0     4/0     4/0     4/0   '17758111'
      74   1/0     1/0     1/0     1/0     3/0     3/0     3/0     3/0     3/0   '24825721'
      75   1/0     1/0     1/0     1/0     2/0     2/0     2/0     2/0     2/0   '25099164'
      76   1/0     1/0     1/0     1/0     2/0     2/0     2/0     2/0     2/0   '44564641'
      77   1/0     1/0     1/0     1/0     1/0     1/0     1/0     1/0     1/0   '44564640'
      78   1/0     1/0     1/0     1/0     1/0     1/0     1/0     1/0     1/0   '44564639'
      79   1/0     1/0     1/0     1/0     4/0     4/0     4/0     4/0     4/0   '44564598'
      80   1/0     1/0     1/0     1/0     3/0     3/0     3/0     3/0     3/0   '44564567'
      81   4/0     4/0     4/0     4/0     4/0     4/0     4/0     4/0     4/0   '44565305'
      82   4/0     4/0     4/0     4/0     4/0     4/0     4/0     4/0     4/0   '22337182'
      83   4/0     4/0     4/0     4/0     4/0     4/0     4/0     4/0     4/0   '11650267'
      84   1/0     1/0     1/0     1/0     1/0     1/0     1/0     1/0     1/0   '25066764'
      85   1/0     1/0     1/0     1/0     1/0     1/0     1/0     1/0     1/0   '44627682'
      86   1/0     1/0     1/0     1/0     1/0     1/0     1/0     1/0     1/0   '44627583'
      87   1/0     1/0     1/0     1/0     1/0     1/0     1/0     1/0     1/0   '25222038'
      88   2/0     2/0     2/0     2/0     2/0     2/0     2/0     2/0     2/0   '44820070'
      89   2/0     2/0     2/0     2/0     2/0     2/0     2/0     2/0     2/0   '44819707'
      90   1/0     1/0     1/0     1/0     1/0     1/0     1/0     1/0     1/0   '25231228'
      91   1/0     1/0     1/0     1/0     1/0     1/0     1/0     1/0     1/0   '25230388'
      92   1/0     1/0     1/0     1/0     1/0     1/0     1/0     1/0     1/0   '25230310'
      93   1/0     1/0     1/0     1/0     1/0     1/0     1/0     1/0     1/0   '255448'
      94   2/0     2/0     2/0     2/0     2/0     2/0     4/0     4/0     4/0   '62969'
      95   1/0     1/0     1/0     1/0     1/0     1/0     1/0     1/0     1/0   '6918877'
      96   1/0     1/0     1/0     1/0     2/0     2/0     2/0     2/0     2/0   '46877577'
      97   1/0     1/0     1/0     1/0     1/0     1/0     1/0     1/0     1/0   '46877576'
      98   1/0     1/0     1/0     1/0     1/0     1/0     1/0     1/0     1/0   '44137636'
      99   1/0     1/0     1/0     1/0     1/0     1/0     1/0     1/0     1/0   '42641405'
     100   1/0     1/0     1/0     1/0     2/0     2/0     2/0     2/0     2/0   '44137982'
# counts of output and dropped structures after processing steps
# index  sdstex  htreat  desalt  neutra   epik    guard  stereo    cgx   filter  title
     101   1/0     1/0     1/0     1/0     2/0     2/0     2/0     2/0     2/0   '44137980'
     102   1/0     1/0     1/0     1/0     2/0     2/0     2/0     2/0     2/0   '44137979'
     103   1/0     1/0     1/0     1/0     2/0     2/0     2/0     2/0     2/0   '44137715'
     104   1/0     1/0     1/0     1/0     2/0     2/0     2/0     2/0     2/0   '44137714'
     105   1/0     1/0     1/0     1/0     1/0     1/0     1/0     1/0     1/0   '44137444'
     106   1/0     1/0     1/0     1/0     2/0     2/0     2/0     2/0     2/0   '44137442'
     107   1/0     1/0     1/0     1/0     2/0     2/0     2/0     2/0     2/0   '44137168'
     108   1/0     1/0     1/0     1/0     1/0     1/0     1/0     1/0     1/0   '44137033'
     109   1/0     1/0     1/0     1/0     1/0     1/0     1/0     1/0     1/0   '44137032'
     110   1/0     1/0     1/0     1/0     1/0     1/0     1/0     1/0     1/0   '44136419'
     111   1/0     1/0     1/0     1/0     2/0     2/0     2/0     2/0     2/0   '44136012'
     112   1/0     1/0     1/0     1/0     1/0     1/0     1/0     1/0     1/0   '42641974'
     113   1/0     1/0     1/0     1/0     3/0     3/0     3/0     3/0     3/0   '44819376'
     114   1/0     1/0     1/0     1/0     2/0     2/0     2/0     2/0     2/0   '44819375'
     115   1/0     1/0     1/0     1/0     1/0     1/0     1/0     1/0     1/0   '44188322'
     116   1/0     1/0     1/0     1/0     1/0     1/0     1/0     1/0     1/0   '44188321'
     117   1/0     1/0     1/0     1/0     1/0     1/0     1/0     1/0     1/0   '44187955'
     118   1/0     1/0     1/0     1/0     1/0     1/0     1/0     1/0     1/0   '44187952'
     119   2/0     2/0     2/0     2/0     4/0     4/0     4/0     4/0     4/0   '46233050'
     120   2/0     2/0     2/0     2/0     4/0     4/0     4/0     4/0     4/0   '46233049'
     121   2/0     2/0     2/0     2/0     4/0     4/0     4/0     4/0     4/0   '46233019'
     122   2/0     2/0     2/0     2/0     4/0     4/0     4/0     4/0     4/0   '46233018'
     123   2/0     2/0     2/0     2/0     4/0     4/0     4/0     4/0     4/0   '46233017'
     124   2/0     2/0     2/0     2/0     2/0     2/0     2/0     2/0     2/0   '46232358'
     125   2/0     2/0     2/0     2/0     2/0     2/0     2/0     2/0     2/0   '23004029'
     126   2/0     2/0     2/0     2/0     4/0     4/0     4/0     4/0     4/0   '23004022'
     127   4/0     4/0     4/0     4/0     4/0     4/0     4/0     4/0     4/0   '4046'
     128   1/0     1/0     1/0     1/0     3/0     3/0     3/0     3/0     3/0   '45105052'
     129   1/0     1/0     1/0     1/0     2/0     2/0     2/0     2/0     2/0   '45105051'
     130   1/0     1/0     1/0     1/0     2/0     2/0     2/0     2/0     2/0   '45105050'
     131   1/0     1/0     1/0     1/0     2/0     2/0     2/0     2/0     2/0   '45104952'
     132   1/0     1/0     1/0     1/0     3/0     3/0     3/0     3/0     3/0   '45104951'
     133   1/0     1/0     1/0     1/0     1/0     1/0     1/0     1/0     1/0   '45104950'
     134   1/0     1/0     1/0     1/0     1/0     1/0     1/0     1/0     1/0   '45104949'
     135   1/0     1/0     1/0     1/0     1/0     1/0     1/0     1/0     1/0   '45104855'
     136   1/0     1/0     1/0     1/0     3/0     3/0     3/0     3/0     3/0   '45104854'
     137   1/0     1/0     1/0     1/0     2/0     2/0     2/0     2/0     2/0   '45104853'
     138   1/0     1/0     1/0     1/0     2/0     2/0     2/0     2/0     2/0   '45104757'
     139   1/0     1/0     1/0     1/0     2/0     2/0     2/0     2/0     2/0   '45104756'
     140   1/0     1/0     1/0     1/0     2/0     2/0     2/0     2/0     2/0   '45104636'
     141   1/0     1/0     1/0     1/0     2/0     2/0     2/0     2/0     2/0   '45104534'
     142   1/0     1/0     1/0     1/0     2/0     2/0     2/0     2/0     2/0   '45104532'
     143   1/0     1/0     1/0     1/0     3/0     3/0     3/0     3/0     3/0   '45104531'
     144   1/0     1/0     1/0     1/0     2/0     2/0     2/0     2/0     2/0   '45104530'
     145   1/0     1/0     1/0     1/0     2/0     2/0     2/0     2/0     2/0   '45103625'
     146   1/0     1/0     1/0     1/0     2/0     2/0     2/0     2/0     2/0   '45103623'
     147   1/0     1/0     1/0     1/0     2/0     2/0     2/0     2/0     2/0   '45103619'
     148   1/0     1/0     1/0     1/0     3/0     3/0     3/0     3/0     3/0   '45103517'
     149   1/0     1/0     1/0     1/0     2/0     2/0     2/0     2/0     2/0   '45103516'
     150   1/0     1/0     1/0     1/0     1/0     1/0     1/0     1/0     1/0   '45103515'
# counts of output and dropped structures after processing steps
# index  sdstex  htreat  desalt  neutra   epik    guard  stereo    cgx   filter  title
     151   1/0     1/0     1/0     1/0     2/0     2/0     2/0     2/0     2/0   '44631854'
     152   1/0     1/0     1/0     1/0     1/0     1/0     1/0     1/0     1/0   '10026128'
sdstereoexpander:
sdstereoexpander: WARNING Input structure contains chiralities for atom 3 which is non-chiral. These chiralities have been ignored.

     153   1/0     1/0     1/0     1/0     2/0     2/0     2/0     2/0     2/0   '46882744'
     154   1/0     1/0     1/0     1/0     2/0     2/0     2/0     2/0     2/0   '46882707'
     155   1/0     1/0     1/0     1/0     2/0     2/0     2/0     2/0     2/0   '46882706'
     156   1/0     1/0     1/0     1/0     1/0     1/0     1/0     1/0     1/0   '46882619'
     157   1/0     1/0     1/0     1/0     1/0     1/0     1/0     1/0     1/0   '46882615'
     158   1/0     1/0     1/0     1/0     1/0     1/0     1/0     1/0     1/0   '46175112'
     159   2/0     2/0     2/0     2/0     2/0     2/0     2/0     2/0     2/0   '49799371'
     160   2/0     2/0     2/0     2/0     2/0     2/0     2/0     2/0     2/0   '46898040'
     161   1/0     1/0     1/0     1/0     1/0     1/0     1/0     1/0     1/0   '25102990'
     162   1/0     1/0     1/0     1/0     2/0     2/0     2/0     2/0     2/0   '12004316'
     163   1/0     1/0     1/0     1/0     1/0     1/0     1/0     1/0     1/0   '49781464'
     164   1/0     1/0     1/0     1/0     1/0     1/0     1/0     1/0     1/0   '49781245'
     165   1/0     1/0     1/0     1/0     1/0     1/0     1/0     1/0     1/0   '49781242'
     166   1/0     1/0     1/0     1/0     1/0     1/0     1/0     1/0     1/0   '100474'
     167   1/0     1/0     1/0     1/0     2/0     2/0     3/0     3/0     3/0   '52949819'
     168   1/0     1/0     1/0     1/0     2/0     2/0     3/0     3/0     3/0   '52949778'
     169   1/0     1/0     1/0     1/0     2/0     2/0     3/0     3/0     3/0   '52947367'
     170   1/0     1/0     1/0     1/0     1/0     1/0     1/0     1/0     1/0   '52946150'
     171   1/0     1/0     1/0     1/0     2/0     2/0     3/0     3/0     3/0   '52946132'
     172   1/0     1/0     1/0     1/0     2/0     2/0     3/0     3/0     3/0   '52946094'
     173   1/0     1/0     1/0     1/0     2/0     2/0     3/0     3/0     3/0   '52944916'
     174   1/0     1/0     1/0     1/0     2/0     2/0     3/0     3/0     3/0   '52944915'
     175   1/0     1/0     1/0     1/0     2/0     2/0     3/0     3/0     3/0   '52944885'
     176   1/0     1/0     1/0     1/0     2/0     2/0     3/0     3/0     3/0   '52944884'
     177   1/0     1/0     1/0     1/0     2/0     2/0     3/0     3/0     3/0   '52943703'
     178   1/0     1/0     1/0     1/0     2/0     2/0     3/0     3/0     3/0   '52941294'
     179   1/0     1/0     1/0     1/0     2/0     2/0     3/0     3/0     3/0   '52941289'
     180   1/0     1/0     1/0     1/0     2/0     2/0     3/0     3/0     3/0   '52941287'
     181   4/0     4/0     4/0     4/0    12/0    12/0    12/0    12/0    12/0   '52948857'
     182   1/0     1/0     1/0     1/0     1/0     1/0     1/0     1/0     1/0   '25205319'
     183   1/0     1/0     1/0     1/0     1/0     1/0     1/0     1/0     1/0   '25205318'
     184   1/0     1/0     1/0     1/0     1/0     1/0     1/0     1/0     1/0   '9826520'
     185   1/0     1/0     1/0     1/0     1/0     1/0     1/0     1/0     1/0   '25057124'
     186   1/0     1/0     1/0     1/0     2/0     2/0     3/0     3/0     3/0   '25054288'
     187   1/0     1/0     1/0     1/0     1/0     1/0     1/0     1/0     1/0   '24857598'
     188   2/0     2/0     2/0     2/0     4/0     4/0     6/0     6/0     6/0   '49832807'
     189   4/0     4/0     4/0     4/0     4/0     4/0     8/0     8/0     8/0   '3689'
     190   1/0     1/0     1/0     1/0     1/0     1/0     1/0     1/0     1/0   '56670194'
     191   1/0     1/0     1/0     1/0     1/0     1/0     1/0     1/0     1/0   '54758114'
     192   1/0     1/0     1/0     1/0     2/0     2/0     2/0     2/0     1/0   '54758113'
     193   1/0     1/0     1/0     1/0     2/0     2/0     2/0     2/0     1/0   '54758112'
     194   1/0     1/0     1/0     1/0     2/0     2/0     2/0     2/0     1/0   '54758109'
     195   1/0     1/0     1/0     1/0     2/0     2/0     2/0     2/0     1/0   '54758022'
     196   1/0     1/0     1/0     1/0     2/0     2/0     2/0     2/0     2/0   '54758019'
     197   1/0     1/0     1/0     1/0     1/0     1/0     1/0     1/0     1/0   '54758017'
     198   1/0     1/0     1/0     1/0     2/0     2/0     2/0     2/0     1/0   '54758015'
     199   1/0     1/0     1/0     1/0     1/0     1/0     1/0     1/0     1/0   '54757921'
     200   1/0     1/0     1/0     1/0     3/0     3/0     3/0     3/0     3/0   '54757919'
# counts of output and dropped structures after processing steps
# index  sdstex  htreat  desalt  neutra   epik    guard  stereo    cgx   filter  title
     201   1/0     1/0     1/0     1/0     2/0     2/0     2/0     2/0     2/0   '54757914'
     202   1/0     1/0     1/0     1/0     2/0     2/0     2/0     2/0     2/0   '54757828'
     203   1/0     1/0     1/0     1/0     2/0     2/0     2/0     2/0     2/0   '54757825'
     204   1/0     1/0     1/0     1/0     2/0     2/0     2/0     2/0     2/0   '54757824'
     205   1/0     1/0     1/0     1/0     2/0     2/0     2/0     2/0     2/0   '54757822'
     206   1/0     1/0     1/0     1/0     2/0     2/0     2/0     2/0     2/0   '54669861'
     207   1/0     1/0     1/0     1/0     2/0     2/0     2/0     2/0     2/0   '54669859'
     208   1/0     1/0     1/0     1/0     1/0     1/0     1/0     1/0     1/0   '54669761'
     209   1/0     1/0     1/0     1/0     2/0     2/0     2/0     2/0     1/0   '54669759'
     210   1/0     1/0     1/0     1/0     1/0     1/0     1/0     1/0     1/0   '53492726'
     211   2/0     2/0     2/0     2/0     2/0     2/0     2/0     2/0     2/0   '56683212'
     212   2/0     2/0     2/0     2/0     2/0     2/0     2/0     2/0     2/0   '56682910'
     213   2/0     2/0     2/0     2/0     2/0     2/0     2/0     2/0     2/0   '56682802'
     214   1/0     1/0     1/0     1/0     1/0     1/0     1/0     1/0     1/0   '56682605'
     215   2/0     2/0     2/0     2/0     2/0     2/0     2/0     2/0     2/0   '56682582'
     216   2/0     2/0     2/0     2/0     2/0     2/0     2/0     2/0     2/0   '56682249'
     217   1/0     1/0     1/0     1/0     2/0     2/0     2/0     2/0     2/0   '56682237'
     218   4/0     4/0     4/0     4/0     8/0     8/0     8/0     8/0     8/0   '56682147'
     219   1/0     1/0     1/0     1/0     1/0     1/0     1/0     1/0     1/0   '56682135'
     220   1/0     1/0     1/0     1/0     1/0     1/0     1/0     1/0     1/0   '56680524'
     221   4/0     4/0     4/0     4/0     8/0     8/0     8/0     8/0     8/0   '56679879'
     222   1/0     1/0     1/0     1/0     1/0     1/0     1/0     1/0     1/0   '56679512'
     223   4/0     4/0     4/0     4/0     4/0     4/0     4/0     4/0     4/0   '56679272'
     224   2/0     2/0     2/0     2/0     2/0     2/0     2/0     2/0     2/0   '56679047'
     225   1/0     1/0     1/0     1/0     3/0     3/0     3/0     3/0     3/0   '56678949'
     226   2/0     2/0     2/0     2/0     2/0     2/0     2/0     2/0     2/0   '56678689'
     227   1/0     1/0     1/0     1/0     1/0     1/0     1/0     1/0     1/0   '56676267'
     228   2/0     2/0     2/0     2/0     2/0     2/0     2/0     2/0     2/0   '56676208'
     229   2/0     2/0     2/0     2/0     4/0     4/0     4/0     4/0     4/0   '56675750'
     230   2/0     2/0     2/0     2/0     4/0     4/0     4/0     4/0     4/0   '56675346'
     231   2/0     2/0     2/0     2/0     4/0     4/0     8/0     8/0     8/0   '56673880'
     232   2/0     2/0     2/0     2/0     4/0     4/0     4/0     4/0     4/0   '56672876'
     233   1/0     1/0     1/0     1/0     1/0     1/0     1/0     1/0     1/0   '56672844'
     234   1/0     1/0     1/0     1/0     2/0     2/0     2/0     2/0     2/0   '56672714'
     235   2/0     2/0     2/0     2/0     2/0     2/0     2/0     2/0     2/0   '56672682'
     236   1/0     1/0     1/0     1/0     2/0     2/0     2/0     2/0     2/0   '56672487'
     237   1/0     1/0     1/0     1/0     1/0     1/0     1/0     1/0     1/0   '56672352'
     238   1/0     1/0     1/0     1/0     2/0     2/0     2/0     2/0     2/0   '56672211'
     239   4/0     4/0     4/0     4/0     4/0     4/0     4/0     4/0     4/0   '56672058'
     240   2/0     2/0     2/0     2/0     2/0     2/0     2/0     2/0     2/0   '56671959'
     241   1/0     1/0     1/0     1/0     2/0     2/0     2/0     2/0     2/0   '56671831'
     242   2/0     2/0     2/0     2/0     2/0     2/0     2/0     2/0     2/0   '56669751'
     243   1/0     1/0     1/0     1/0     2/0     2/0     2/0     2/0     2/0   '56669432'
     244   1/0     1/0     1/0     1/0     3/0     3/0     3/0     3/0     3/0   '56669366'
     245   1/0     1/0     1/0     1/0     2/0     2/0     2/0     2/0     2/0   '56669351'
     246   1/0     1/0     1/0     1/0     1/0     1/0     1/0     1/0     1/0   '56669342'
     247   4/0     4/0     4/0     4/0     8/0     8/0     8/0     8/0     8/0   '56669252'
     248   2/0     2/0     2/0     2/0     2/0     2/0     2/0     2/0     2/0   '56669251'
     249   1/0     1/0     1/0     1/0     2/0     2/0     2/0     2/0     2/0   '56669135'
     250   2/0     2/0     2/0     2/0     2/0     2/0     2/0     2/0     2/0   '56669034'
# counts of output and dropped structures after processing steps
# index  sdstex  htreat  desalt  neutra   epik    guard  stereo    cgx   filter  title
     251   1/0     1/0     1/0     1/0     2/0     2/0     2/0     2/0     2/0   '56669031'
     252   1/0     1/0     1/0     1/0     2/0     2/0     2/0     2/0     2/0   '56668972'
     253   2/0     2/0     2/0     2/0     2/0     2/0     2/0     2/0     2/0   '56668874'
     254   4/0     4/0     4/0     4/0     8/0     8/0     8/0     8/0     8/0   '56668852'
     255   1/0     1/0     1/0     1/0     1/0     1/0     1/0     1/0     1/0   '56668831'
     256   2/0     2/0     2/0     2/0     4/0     4/0     8/0     8/0     8/0   '56668735'
     257   2/0     2/0     2/0     2/0     2/0     2/0     2/0     2/0     2/0   '56668579'
     258   2/0     2/0     2/0     2/0     4/0     4/0     4/0     4/0     4/0   '56668577'
     259   1/0     1/0     1/0     1/0     1/0     1/0     1/0     1/0     1/0   '56666000'
     260   2/0     2/0     2/0     2/0     2/0     2/0     2/0     2/0     2/0   '56665925'
     261   1/0     1/0     1/0     1/0     2/0     2/0     2/0     2/0     2/0   '56665902'
     262   1/0     1/0     1/0     1/0     1/0     1/0     1/0     1/0     1/0   '56665839'
     263   2/0     2/0     2/0     2/0     4/0     4/0     4/0     4/0     4/0   '56665798'
     264   2/0     2/0     2/0     2/0     4/0     4/0     4/0     4/0     4/0   '56665772'
     265   2/0     2/0     2/0     2/0     4/0     4/0     4/0     4/0     4/0   '56665763'
     266   4/0     4/0     4/0     4/0     4/0     4/0     4/0     4/0     4/0   '56665715'
     267   1/0     1/0     1/0     1/0     1/0     1/0     1/0     1/0     1/0   '56665425'
     268   1/0     1/0     1/0     1/0     2/0     2/0     2/0     2/0     2/0   '56665309'
     269   1/0     1/0     1/0     1/0     2/0     2/0     2/0     2/0     2/0   '56665007'
     270   1/0     1/0     1/0     1/0     1/0     1/0     1/0     1/0     1/0   '56662819'
     271   1/0     1/0     1/0     1/0     1/0     1/0     1/0     1/0     1/0   '56662397'
     272   1/0     1/0     1/0     1/0     1/0     1/0     1/0     1/0     1/0   '56662379'
     273   2/0     2/0     2/0     2/0     2/0     2/0     2/0     2/0     2/0   '56662254'
     274   1/0     1/0     1/0     1/0     2/0     2/0     2/0     2/0     2/0   '56662233'
     275   4/0     4/0     4/0     4/0     4/0     4/0     4/0     4/0     4/0   '56662222'
     276   2/0     2/0     2/0     2/0     4/0     4/0     4/0     4/0     4/0   '56661973'
     277   2/0     2/0     2/0     2/0     2/0     2/0     2/0     2/0     2/0   '56661721'
     278   1/0     1/0     1/0     1/0     1/0     1/0     1/0     1/0     1/0   '56661716'
     279   1/0     1/0     1/0     1/0     2/0     2/0     2/0     2/0     2/0   '56661714'
     280   2/0     2/0     2/0     2/0     2/0     2/0     2/0     2/0     2/0   '56659387'
     281   1/0     1/0     1/0     1/0     2/0     2/0     2/0     2/0     2/0   '56659382'
     282   1/0     1/0     1/0     1/0     1/0     1/0     1/0     1/0     1/0   '56659023'
     283   1/0     1/0     1/0     1/0     1/0     1/0     1/0     1/0     1/0   '56659011'
     284   1/0     1/0     1/0     1/0     3/0     3/0     3/0     3/0     3/0   '56658895'
     285   2/0     2/0     2/0     2/0     2/0     2/0     2/0     2/0     2/0   '56658883'
     286   2/0     2/0     2/0     2/0     2/0     2/0     2/0     2/0     2/0   '56658846'
     287   2/0     2/0     2/0     2/0     2/0     2/0     2/0     2/0     2/0   '56658770'
     288   2/0     2/0     2/0     2/0     2/0     2/0     2/0     2/0     2/0   '56658345'
     289   2/0     2/0     2/0     2/0     2/0     2/0     2/0     2/0     2/0   '46220397'
     290   2/0     2/0     2/0     2/0     2/0     2/0     2/0     2/0     2/0   '46220296'
     291   1/0     1/0     1/0     1/0     1/0     1/0     1/0     1/0     1/0   '46219971'
     292   4/0     4/0     4/0     4/0     4/0     4/0     4/0     4/0     4/0   '46219970'
     293   2/0     2/0     2/0     2/0     2/0     2/0     2/0     2/0     2/0   '46219865'
     294   2/0     2/0     2/0     2/0     2/0     2/0     2/0     2/0     2/0   '46219862'
     295   1/0     1/0     1/0     1/0     1/0     1/0     1/0     1/0     1/0   '46219504'
     296   1/0     1/0     1/0     1/0     1/0     1/0     1/0     1/0     1/0   '46219501'
     297   1/0     1/0     1/0     1/0     1/0     1/0     1/0     1/0     1/0   '46219379'
     298   2/0     2/0     2/0     2/0     2/0     2/0     2/0     2/0     2/0   '46219378'
     299   2/0     2/0     2/0     2/0     2/0     2/0     2/0     2/0     2/0   '46219375'
     300   1/0     1/0     1/0     1/0     2/0     2/0     2/0     2/0     2/0   '46219248'
# counts of output and dropped structures after processing steps
# index  sdstex  htreat  desalt  neutra   epik    guard  stereo    cgx   filter  title
     301   1/0     1/0     1/0     1/0     1/0     1/0     1/0     1/0     1/0   '46219244'
     302   2/0     2/0     2/0     2/0     2/0     2/0     2/0     2/0     2/0   '46219123'
     303   2/0     2/0     2/0     2/0     2/0     2/0     2/0     2/0     2/0   '46219120'
     304   1/0     1/0     1/0     1/0     1/0     1/0     1/0     1/0     1/0   '46219119'
     305   1/0     1/0     1/0     1/0     1/0     1/0     1/0     1/0     1/0   '46219118'
     306   1/0     1/0     1/0     1/0     1/0     1/0     1/0     1/0     1/0   '46218997'
     307   1/0     1/0     1/0     1/0     1/0     1/0     1/0     1/0     1/0   '46218996'
     308   1/0     1/0     1/0     1/0     1/0     1/0     1/0     1/0     1/0   '46218995'
     309   4/0     4/0     4/0     4/0     4/0     4/0     4/0     4/0     4/0   '46218994'
     310   1/0     1/0     1/0     1/0     1/0     1/0     1/0     1/0     1/0   '46218993'
     311   4/0     4/0     4/0     4/0     4/0     4/0     4/0     4/0     4/0   '46218992'
     312   1/0     1/0     1/0     1/0     1/0     1/0     1/0     1/0     1/0   '46218870'
     313   1/0     1/0     1/0     1/0     1/0     1/0     1/0     1/0     1/0   '46218751'
     314   4/0     4/0     4/0     4/0     4/0     4/0     4/0     4/0     4/0   '46218750'
     315   1/0     1/0     1/0     1/0     1/0     1/0     1/0     1/0     1/0   '46218749'
     316   1/0     1/0     1/0     1/0     2/0     2/0     2/0     2/0     2/0   '44555282'
     317   1/0     1/0     1/0     1/0     2/0     2/0     2/0     2/0     2/0   '44555278'
     318   1/0     1/0     1/0     1/0     1/0     1/0     1/0     1/0     1/0   '44555277'
     319   1/0     1/0     1/0     1/0     1/0     1/0     1/0     1/0     1/0   '44555276'
     320   1/0     1/0     1/0     1/0     2/0     2/0     2/0     2/0     2/0   '44555117'
     321   1/0     1/0     1/0     1/0     1/0     1/0     1/0     1/0     1/0   '44555115'
     322   1/0     1/0     1/0     1/0     2/0     2/0     2/0     2/0     2/0   '44555114'
     323   1/0     1/0     1/0     1/0     1/0     1/0     1/0     1/0     1/0   '44555112'
     324   1/0     1/0     1/0     1/0     2/0     2/0     2/0     2/0     2/0   '44554961'
     325   1/0     1/0     1/0     1/0     2/0     2/0     2/0     2/0     2/0   '44554960'
     326   1/0     1/0     1/0     1/0     2/0     2/0     2/0     2/0     2/0   '44554957'
     327   1/0     1/0     1/0     1/0     2/0     2/0     2/0     2/0     2/0   '44554956'
     328   1/0     1/0     1/0     1/0     1/0     1/0     1/0     1/0     1/0   '44554955'
     329   1/0     1/0     1/0     1/0     2/0     2/0     2/0     2/0     2/0   '44554796'
     330   1/0     1/0     1/0     1/0     1/0     1/0     1/0     1/0     1/0   '44554795'
     331   1/0     1/0     1/0     1/0     2/0     2/0     2/0     2/0     2/0   '44552887'
     332   1/0     1/0     1/0     1/0     1/0     1/0     1/0     1/0     1/0   '44552886'
     333   1/0     1/0     1/0     1/0     2/0     2/0     2/0     2/0     2/0   '44552885'
     334   1/0     1/0     1/0     1/0     1/0     1/0     1/0     1/0     1/0   '44552721'
     335   1/0     1/0     1/0     1/0     2/0     2/0     2/0     2/0     2/0   '44552719'
     336   1/0     1/0     1/0     1/0     1/0     1/0     1/0     1/0     1/0   '12273943'
     337   1/0     1/0     1/0     1/0     2/0     2/0     2/0     2/0     2/0   '12270883'
     338   1/0     1/0     1/0     1/0     1/0     1/0     1/0     1/0     1/0   '976259'
     339   2/0     2/0     2/0     2/0     2/0     2/0     2/0     2/0     2/0   '46220083'
     340   2/0     2/0     2/0     2/0     2/0     2/0     2/0     2/0     2/0   '46220080'
     341   2/0     2/0     2/0     2/0     2/0     2/0     2/0     2/0     2/0   '46220079'
     342   2/0     2/0     2/0     2/0     2/0     2/0     2/0     2/0     2/0   '46220076'
     343   1/0     1/0     1/0     1/0     2/0     2/0     2/0     2/0     2/0   '44555281'
     344   1/0     1/0     1/0     1/0     2/0     2/0     2/0     2/0     2/0   '44555116'
     345   1/0     1/0     1/0     1/0     1/0     1/0     1/0     1/0     1/0   '44553252'
     346   1/0     1/0     1/0     1/0     1/0     1/0     1/0     1/0     1/0   '44552889'
     347   1/0     1/0     1/0     1/0     2/0     2/0     2/0     2/0     2/0   '44552883'
     348   1/0     1/0     1/0     1/0     2/0     2/0     2/0     2/0     2/0   '44552720'
     349   1/0     1/0     1/0     1/0     2/0     2/0     2/0     2/0     2/0   '44552718'
     350   2/0     2/0     2/0     2/0     2/0     2/0     2/0     2/0     2/0   '43398790'
# counts of output and dropped structures after processing steps
# index  sdstex  htreat  desalt  neutra   epik    guard  stereo    cgx   filter  title
     351   1/0     1/0     1/0     1/0     1/0     1/0     1/0     1/0     1/0   '71603119'
     352   1/0     1/0     1/0     1/0     1/0     1/0     1/0     1/0     1/0   '71603118'
Adding general crowding pattern: count 1
number of matches for crowding type: deprotonated_amide_ortho_to_aromatic_nX2: abs type: 134oxadiazole: 1
Adding general crowding pattern: count 1
number of matches for crowding type: deprotonated_amide_ortho_to_aromatic_nX2: abs type: 134oxadiazole: 1
Adding general crowding pattern: count 1
number of matches for crowding type: deprotonated_amide_ortho_to_aromatic_nX2: abs type: 134oxadiazole: 1
Adding general crowding pattern: count 1
number of matches for crowding type: deprotonated_amide_ortho_to_aromatic_nX2: abs type: General aromatic protonated n (formally charged): 1
     353   1/0     1/0     1/0     1/0     1/0     1/0     1/0     1/0     1/0   '71603061'
Adding general crowding pattern: count 1
number of matches for crowding type: deprotonated_amide_ortho_to_aromatic_nX2: abs type: 134oxadiazole: 1
Adding general crowding pattern: count 1
number of matches for crowding type: deprotonated_amide_ortho_to_aromatic_nX2: abs type: 134oxadiazole: 1
Adding general crowding pattern: count 1
number of matches for crowding type: deprotonated_amide_ortho_to_aromatic_nX2: abs type: 134oxadiazole: 1
Adding general crowding pattern: count 1
number of matches for crowding type: deprotonated_amide_ortho_to_aromatic_nX2: abs type: General aromatic protonated n (formally charged): 1
     354   1/0     1/0     1/0     1/0     1/0     1/0     1/0     1/0     1/0   '71603060'
Adding general crowding pattern: count 1
number of matches for crowding type: deprotonated_amide_ortho_to_aromatic_nX2: abs type: 134oxadiazole: 1
Adding general crowding pattern: count 1
number of matches for crowding type: deprotonated_amide_ortho_to_aromatic_nX2: abs type: 134oxadiazole: 1
Adding general crowding pattern: count 1
number of matches for crowding type: deprotonated_amide_ortho_to_aromatic_nX2: abs type: 134oxadiazole: 1
Adding general crowding pattern: count 1
number of matches for crowding type: deprotonated_amide_ortho_to_aromatic_nX2: abs type: General aromatic protonated n (formally charged): 1
     355   1/0     1/0     1/0     1/0     1/0     1/0     1/0     1/0     1/0   '71603059'
     356   1/0     1/0     1/0     1/0     1/0     1/0     1/0     1/0     1/0   '71603056'
Adding general crowding pattern: count 1
number of matches for crowding type: deprotonated_amide_ortho_to_aromatic_nX2: abs type: 134oxadiazole: 1
Adding general crowding pattern: count 1
number of matches for crowding type: deprotonated_amide_ortho_to_aromatic_nX2: abs type: 134oxadiazole: 1
Adding general crowding pattern: count 1
number of matches for crowding type: deprotonated_amide_ortho_to_aromatic_nX2: abs type: 134oxadiazole: 1
Adding general crowding pattern: count 1
number of matches for crowding type: deprotonated_amide_ortho_to_aromatic_nX2: abs type: General aromatic protonated n (formally charged): 1
     357   1/0     1/0     1/0     1/0     1/0     1/0     1/0     1/0     1/0   '71602943'
     358   1/0     1/0     1/0     1/0     1/0     1/0     1/0     1/0     1/0   '71602892'
     359   1/0     1/0     1/0     1/0     1/0     1/0     1/0     1/0     1/0   '71602889'
Adding general crowding pattern: count 1
number of matches for crowding type: deprotonated_amide_ortho_to_aromatic_nX2: abs type: General aromatic protonated n (formally charged): 1
     360   1/0     1/0     1/0     1/0     1/0     1/0     1/0     1/0     1/0   '41327880'
Adding general crowding pattern: count 1
number of matches for crowding type: deprotonated_amide_ortho_to_aromatic_nX2: abs type: General aromatic protonated n (formally charged): 1
Adding general crowding pattern: count 1
number of matches for crowding type: deprotonated_amide_ortho_to_aromatic_nX2: abs type: General aromatic protonated n (formally charged): 1
     361   1/0     1/0     1/0     1/0     1/0     1/0     1/0     1/0     1/0   '4686891'
     362   1/0     1/0     1/0     1/0     3/0     3/0     3/0     3/0     3/0   '71765051'
     363   1/0     1/0     1/0     1/0     3/0     3/0     3/0     3/0     3/0   '71765048'
     364   1/0     1/0     1/0     1/0     3/0     3/0     3/0     3/0     3/0   '71765047'
     365   1/0     1/0     1/0     1/0     4/0     4/0     4/0     4/0     4/0   '71761858'
     366   1/0     1/0     1/0     1/0     4/0     4/0     4/0     4/0     4/0   '71761857'
     367   1/0     1/0     1/0     1/0     3/0     3/0     3/0     3/0     3/0   '71761856'
     368   1/0     1/0     1/0     1/0     3/0     3/0     3/0     3/0     3/0   '71761854'
     369   1/0     1/0     1/0     1/0     3/0     3/0     3/0     3/0     3/0   '44590456'
     370   1/0     1/0     1/0     1/0     3/0     3/0     3/0     3/0     3/0   '11438774'
     371   1/0     1/0     1/0     1/0     3/0     3/0     3/0     3/0     3/0   '11418286'
     372   1/0     1/0     1/0     1/0     3/0     3/0     3/0     3/0     3/0   '11174803'
     373   1/0     1/0     1/0     1/0     2/0     2/0     2/0     2/0     2/0   '71762285'
     374   1/0     1/0     1/0     1/0     2/0     2/0     2/0     2/0     2/0   '71762284'
     375   1/0     1/0     1/0     1/0     2/0     2/0     2/0     2/0     2/0   '71292390'
     376   1/0     1/0     1/0     1/0     2/0     2/0     2/0     2/0     2/0   '71292346'
     377   1/0     1/0     1/0     1/0     2/0     2/0     2/0     2/0     2/0   '71292345'
     378   1/0     1/0     1/0     1/0     2/0     2/0     2/0     2/0     2/0   '71292331'
     379   1/0     1/0     1/0     1/0     2/0     2/0     2/0     2/0     2/0   '1048491'
     380   2/0     2/0     2/0     2/0     2/0     2/0     4/0     4/0     4/0   '73346317'
     381   1/0     1/0     1/0     1/0     2/0     2/0     2/0     2/0     2/0   '72705636'
     382   1/0     1/0     1/0     1/0     1/0     1/0     1/0     1/0     1/0   '72705461'
     383   1/0     1/0     1/0     1/0     1/0     1/0     1/0     1/0     1/0   '72705460'
     384   1/0     1/0     1/0     1/0     1/0     1/0     1/0     1/0     1/0   '72705459'
     385   1/0     1/0     1/0     1/0     1/0     1/0     1/0     1/0     1/0   '72705273'
     386   1/0     1/0     1/0     1/0     1/0     1/0     1/0     1/0     1/0   '72705272'
     387   1/0     1/0     1/0     1/0     2/0     2/0     2/0     2/0     2/0   '72705271'
     388   1/0     1/0     1/0     1/0     1/0     1/0     1/0     1/0     1/0   '72705270'
     389   1/0     1/0     1/0     1/0     1/0     1/0     1/0     1/0     1/0   '72705269'
     390   1/0     1/0     1/0     1/0     1/0     1/0     1/0     1/0     1/0   '72705079'
     391   1/0     1/0     1/0     1/0     1/0     1/0     1/0     1/0     1/0   '72705077'
     392   1/0     1/0     1/0     1/0     1/0     1/0     1/0     1/0     1/0   '72705075'
     393   1/0     1/0     1/0     1/0     1/0     1/0     1/0     1/0     1/0   '72704885'
     394   1/0     1/0     1/0     1/0     1/0     1/0     1/0     1/0     1/0   '72704883'
     395   1/0     1/0     1/0     1/0     1/0     1/0     1/0     1/0     1/0   '72704882'
     396   1/0     1/0     1/0     1/0     1/0     1/0     1/0     1/0     1/0   '72704683'
     397   1/0     1/0     1/0     1/0     1/0     1/0     1/0     1/0     1/0   '72704505'
     398   1/0     1/0     1/0     1/0     1/0     1/0     1/0     1/0     1/0   '72704504'
     399   1/0     1/0     1/0     1/0     1/0     1/0     1/0     1/0     1/0   '72704503'
     400   1/0     1/0     1/0     1/0     1/0     1/0     1/0     1/0     1/0   '72704502'
# counts of output and dropped structures after processing steps
# index  sdstex  htreat  desalt  neutra   epik    guard  stereo    cgx   filter  title
     401   1/0     1/0     1/0     1/0     1/0     1/0     1/0     1/0     1/0   '72704501'
     402   1/0     1/0     1/0     1/0     1/0     1/0     1/0     1/0     1/0   '72704302'
     403   1/0     1/0     1/0     1/0     1/0     1/0     1/0     1/0     1/0   '72704301'
     404   1/0     1/0     1/0     1/0     1/0     1/0     1/0     1/0     1/0   '72704300'
     405   1/0     1/0     1/0     1/0     1/0     1/0     1/0     1/0     1/0   '72704299'
     406   1/0     1/0     1/0     1/0     1/0     1/0     1/0     1/0     1/0   '72704298'
     407   1/0     1/0     1/0     1/0     1/0     1/0     1/0     1/0     1/0   '72704297'
     408   1/0     1/0     1/0     1/0     1/0     1/0     1/0     1/0     1/0   '72704106'
     409   1/0     1/0     1/0     1/0     1/0     1/0     1/0     1/0     1/0   '72704105'
     410   1/0     1/0     1/0     1/0     1/0     1/0     1/0     1/0     1/0   '72704104'
     411   1/0     1/0     1/0     1/0     1/0     1/0     1/0     1/0     1/0   '72704103'
     412   1/0     1/0     1/0     1/0     1/0     1/0     1/0     1/0     1/0   '72704102'
     413   1/0     1/0     1/0     1/0     1/0     1/0     1/0     1/0     1/0   '72704101'
     414   1/0     1/0     1/0     1/0     1/0     1/0     1/0     1/0     1/0   '72703900'
     415   1/0     1/0     1/0     1/0     1/0     1/0     1/0     1/0     1/0   '72703899'
     416   1/0     1/0     1/0     1/0     1/0     1/0     1/0     1/0     1/0   '72703898'
     417   1/0     1/0     1/0     1/0     1/0     1/0     1/0     1/0     1/0   '72703897'
     418   1/0     1/0     1/0     1/0     1/0     1/0     1/0     1/0     1/0   '72703896'
     419   1/0     1/0     1/0     1/0     1/0     1/0     1/0     1/0     1/0   '72703895'
     420   1/0     1/0     1/0     1/0     1/0     1/0     1/0     1/0     1/0   '72703694'
     421   1/0     1/0     1/0     1/0     1/0     1/0     1/0     1/0     1/0   '72703693'
     422   1/0     1/0     1/0     1/0     1/0     1/0     1/0     1/0     1/0   '72703692'
     423   1/0     1/0     1/0     1/0     1/0     1/0     1/0     1/0     1/0   '72703691'
     424   1/0     1/0     1/0     1/0     1/0     1/0     1/0     1/0     1/0   '72703690'
     425   1/0     1/0     1/0     1/0     2/0     2/0     2/0     2/0     2/0   '72703481'
     426   1/0     1/0     1/0     1/0     1/0     1/0     1/0     1/0     1/0   '72703476'
     427   1/0     1/0     1/0     1/0     1/0     1/0     1/0     1/0     1/0   '72703265'
     428   1/0     1/0     1/0     1/0     1/0     1/0     1/0     1/0     1/0   '72702867'
     429   1/0     1/0     1/0     1/0     1/0     1/0     1/0     1/0     1/0   '72702866'
     430   1/0     1/0     1/0     1/0     1/0     1/0     1/0     1/0     1/0   '5329102'
     431   1/0     1/0     1/0     1/0     2/0     2/0     4/0     4/0     4/0   '72714730'
     432   1/0     1/0     1/0     1/0     4/0     4/0     8/0     8/0     8/0   '72714644'
     433   1/0     1/0     1/0     1/0     3/0     3/0     6/0     6/0     6/0   '72714542'
     434   1/0     1/0     1/0     1/0     2/0     2/0     4/0     4/0     4/0   '72714452'
     435   1/0     1/0     1/0     1/0     3/0     3/0     6/0     6/0     6/0   '53315878'
     436   1/0     1/0     1/0     1/0     2/0     2/0     4/0     4/0     4/0   '46224516'
     437   1/0     1/0     1/0     1/0     1/0     1/0     1/0     1/0     1/0   '73355664'
     438   1/0     1/0     1/0     1/0     1/0     1/0     1/0     1/0     1/0   '73352640'
     439   1/0     1/0     1/0     1/0     1/0     1/0     1/0     1/0     1/0   '73346582'
     440   1/0     1/0     1/0     1/0     3/0     3/0     3/0     3/0     2/0   '5480200'
     441   1/0     1/0     1/0     1/0     1/0     1/0     1/0     1/0     1/0   '5065463'
Adding general crowding pattern: count 1
number of matches for crowding type: deprotonated_amide_ortho_to_aromatic_nX2: abs type: General aromatic protonated n (formally charged): 1
     442   1/0     1/0     1/0     1/0     1/0     1/0     1/0     1/0     1/0   '4126703'
Adding general crowding pattern: count 1
number of matches for crowding type: deprotonated_amide_ortho_to_aromatic_nX2: abs type: General aromatic protonated n (formally charged): 1
     443   1/0     1/0     1/0     1/0     1/0     1/0     1/0     1/0     1/0   '3534313'
Adding general crowding pattern: count 1
number of matches for crowding type: deprotonated_amide_ortho_to_aromatic_nX2: abs type: General aromatic protonated n (formally charged): 1
     444   1/0     1/0     1/0     1/0     1/0     1/0     1/0     1/0     1/0   '3340329'
     445   1/0     1/0     1/0     1/0     1/0     1/0     1/0     1/0     1/0   '2660435'
     446   1/0     1/0     1/0     1/0     1/0     1/0     1/0     1/0     1/0   '72696735'
     447   1/0     1/0     1/0     1/0     1/0     1/0     1/0     1/0     1/0   '50915183'
     448   1/0     1/0     1/0     1/0     1/0     1/0     1/0     1/0     1/0   '44480977'
     449   1/0     1/0     1/0     1/0     1/0     1/0     1/0     1/0     1/0   '24777429'
     450   1/0     1/0     1/0     1/0     1/0     1/0     1/0     1/0     1/0   '24178404'
# counts of output and dropped structures after processing steps
# index  sdstex  htreat  desalt  neutra   epik    guard  stereo    cgx   filter  title
sdstereoexpander:
sdstereoexpander: WARNING Input structure contains chiralities for atom 3 which is non-chiral. These chiralities have been ignored.

     451   1/0     1/0     1/0     1/0     1/0     1/0     1/0     1/0     1/0   '53323814'
     452   2/0     2/0     2/0     2/0     2/0     2/0     2/0     2/0     2/0   '53322452'
     453   2/0     2/0     2/0     2/0     2/0     2/0     2/0     2/0     2/0   '53322451'
     454   2/0     2/0     2/0     2/0     2/0     2/0     2/0     2/0     2/0   '53321125'
     455   2/0     2/0     2/0     2/0     2/0     2/0     2/0     2/0     2/0   '53319832'
     456   1/0     1/0     1/0     1/0     1/0     1/0     1/0     1/0     1/0   '51346820'
     457   2/0     2/0     2/0     2/0     2/0     2/0     2/0     2/0     2/0   '24860904'
     458   2/0     2/0     2/0     2/0     2/0     2/0     2/0     2/0     2/0   '24860900'
     459   2/0     2/0     2/0     2/0     2/0     2/0     2/0     2/0     2/0   '24860835'
     460   2/0     2/0     2/0     2/0     2/0     2/0     2/0     2/0     2/0   '24860832'
     461   2/0     2/0     2/0     2/0     2/0     2/0     2/0     2/0     2/0   '24860769'
     462   2/0     2/0     2/0     2/0     2/0     2/0     2/0     2/0     2/0   '20111627'
     463   1/0     1/0     1/0     1/0     1/0     1/0     1/0     1/0     1/0   '53319596'
     464   1/0     1/0     1/0     1/0     1/0     1/0     1/0     1/0     1/0   '23132337'
     465   1/0     1/0     1/0     1/0     1/0     1/0     1/0     1/0     1/0   '11628180'
     466   1/0     1/0     1/0     1/0     1/0     1/0     1/0     1/0     1/0   '11628148'
     467   1/0     1/0     1/0     1/0     1/0     1/0     1/0     1/0     1/0   '11613880'
     468   1/0     1/0     1/0     1/0     1/0     1/0     1/0     1/0     1/0   '11584805'
     469   1/0     1/0     1/0     1/0     1/0     1/0     1/0     1/0     1/0   '11577457'
     470   1/0     1/0     1/0     1/0     1/0     1/0     1/0     1/0     1/0   '11548630'
     471   1/0     1/0     1/0     1/0     1/0     1/0     1/0     1/0     1/0   '11533791'
     472   1/0     1/0     1/0     1/0     1/0     1/0     1/0     1/0     1/0   '11430524'
     473   1/0     1/0     1/0     1/0     1/0     1/0     1/0     1/0     1/0   '11387506'
     474   1/0     1/0     1/0     1/0     1/0     1/0     1/0     1/0     1/0   '11376893'
     475   1/0     1/0     1/0     1/0     1/0     1/0     1/0     1/0     1/0   '11307224'
     476   1/0     1/0     1/0     1/0     1/0     1/0     1/0     1/0     1/0   '54586162'
     477   1/0     1/0     1/0     1/0     1/0     1/0     1/0     1/0     1/0   '54584240'
     478   1/0     1/0     1/0     1/0     2/0     2/0     2/0     2/0     2/0   '51358113'
     479   1/0     1/0     1/0     1/0     1/0     1/0     1/0     1/0     1/0   '51351035'
     480   1/0     1/0     1/0     1/0     1/0     1/0     1/0     1/0     1/0   '51351034'
     481   1/0     1/0     1/0     1/0     2/0     2/0     2/0     2/0     2/0   '51351033'
     482   1/0     1/0     1/0     1/0     1/0     1/0     1/0     1/0     1/0   '51351032'
     483   1/0     1/0     1/0     1/0     1/0     1/0     1/0     1/0     1/0   '51351031'
     484   1/0     1/0     1/0     1/0     1/0     1/0     1/0     1/0     1/0   '51351030'
     485   1/0     1/0     1/0     1/0     1/0     1/0     1/0     1/0     1/0   '51350922'
     486   1/0     1/0     1/0     1/0     1/0     1/0     1/0     1/0     1/0   '51350918'
     487   1/0     1/0     1/0     1/0     1/0     1/0     1/0     1/0     1/0   '51350810'
     488   1/0     1/0     1/0     1/0     1/0     1/0     1/0     1/0     1/0   '51350809'
     489   1/0     1/0     1/0     1/0     1/0     1/0     1/0     1/0     1/0   '51350808'
     490   1/0     1/0     1/0     1/0     1/0     1/0     1/0     1/0     1/0   '51350683'
     491   1/0     1/0     1/0     1/0     1/0     1/0     1/0     1/0     1/0   '49836027'
     492   1/0     1/0     1/0     1/0     7/0     7/0     7/0     7/0     7/0   '54584094'
     493   1/0     1/0     1/0     1/0     3/0     3/0     3/0     3/0     3/0   '54584093'
     494   1/0     1/0     1/0     1/0     8/0     8/0     8/0     8/0     8/0   '54583033'
     495   1/0     1/0     1/0     1/0     1/0     1/0     1/0     1/0     1/0   '24804431'
     496   1/0     1/0     1/0     1/0     1/0     1/0     1/0     1/0     1/0   '1453694'
     497   2/0     2/0     2/0     2/0     2/0     2/0     2/0     2/0     2/0   '4946'
     498   1/0     1/0     1/0     1/0     1/0     1/0     1/0     1/0     1/0   '53238367'
     499   1/0     1/0     1/0     1/0     1/0     1/0     1/0     1/0     1/0   '46264508'
     500   1/0     1/0     1/0     1/0     1/0     1/0     1/0     1/0     1/0   '25109292'
# counts of output and dropped structures after processing steps
# index  sdstex  htreat  desalt  neutra   epik    guard  stereo    cgx   filter  title
     501   1/0     1/0     1/0     1/0     1/0     1/0     1/0     1/0     1/0   '13046688'
     502   1/0     1/0     1/0     1/0     2/0     2/0     2/0     2/0     2/0   '5796336'
     503   1/0     1/0     1/0     1/0     1/0     1/0     1/0     1/0     1/0   '878297'
     504   1/0     1/0     1/0     1/0     4/0     4/0     4/0     4/0     4/0   '53248578'
     505   1/0     1/0     1/0     1/0     4/0     4/0     4/0     4/0     4/0   '53248577'
     506   1/0     1/0     1/0     1/0     4/0     4/0     4/0     4/0     4/0   '53248576'
     507   1/0     1/0     1/0     1/0     4/0     4/0     4/0     4/0     4/0   '53248540'
     508   1/0     1/0     1/0     1/0     4/0     4/0     4/0     4/0     4/0   '53248539'
     509   1/0     1/0     1/0     1/0     2/0     2/0     2/0     2/0     2/0   '53248538'
     510   1/0     1/0     1/0     1/0     2/0     2/0     2/0     2/0     2/0   '53248537'
     511   1/0     1/0     1/0     1/0     1/0     1/0     1/0     1/0     1/0   '50915241'
     512   2/0     2/0     2/0     2/0     4/0     4/0     4/0     4/0     4/0   '2719'
     513   1/0     1/0     1/0     1/0     1/0     1/0     1/0     1/0     1/0   '49837170'
     514   1/0     1/0     1/0     1/0     1/0     1/0     1/0     1/0     1/0   '49837066'
     515   1/0     1/0     1/0     1/0     1/0     1/0     1/0     1/0     1/0   '49837065'
     516   1/0     1/0     1/0     1/0     2/0     2/0     2/0     2/0     2/0   '49837062'
     517   1/0     1/0     1/0     1/0     2/0     2/0     2/0     2/0     2/0   '49837061'
     518   1/0     1/0     1/0     1/0     2/0     2/0     2/0     2/0     2/0   '49837060'
     519   1/0     1/0     1/0     1/0     2/0     2/0     2/0     2/0     2/0   '49836944'
     520   1/0     1/0     1/0     1/0     2/0     2/0     2/0     2/0     2/0   '49836943'
     521   1/0     1/0     1/0     1/0     1/0     1/0     1/0     1/0     1/0   '49836942'
     522   1/0     1/0     1/0     1/0     1/0     1/0     1/0     1/0     1/0   '49836941'
     523   1/0     1/0     1/0     1/0     1/0     1/0     1/0     1/0     1/0   '49836940'
     524   1/0     1/0     1/0     1/0     1/0     1/0     1/0     1/0     1/0   '25211910'
     525   1/0     1/0     1/0     1/0     1/0     1/0     1/0     1/0     1/0   '25211805'
     526   1/0     1/0     1/0     1/0     1/0     1/0     1/0     1/0     1/0   '25211804'
     527   1/0     1/0     1/0     1/0     1/0     1/0     1/0     1/0     1/0   '25211599'
     528   1/0     1/0     1/0     1/0     1/0     1/0     1/0     1/0     1/0   '25211597'
     529   1/0     1/0     1/0     1/0     1/0     1/0     1/0     1/0     1/0   '25211596'
     530   1/0     1/0     1/0     1/0     2/0     2/0     2/0     2/0     2/0   '25211494'
     531   1/0     1/0     1/0     1/0     1/0     1/0     1/0     1/0     1/0   '25211378'
     532   1/0     1/0     1/0     1/0     1/0     1/0     1/0     1/0     1/0   '25210996'
     533   1/0     1/0     1/0     1/0     2/0     2/0     2/0     2/0     2/0   '24785968'
     534   1/0     1/0     1/0     1/0     2/0     2/0     2/0     2/0     2/0   '24785966'
     535   1/0     1/0     1/0     1/0     2/0     2/0     2/0     2/0     2/0   '24785702'
     536   1/0     1/0     1/0     1/0     2/0     2/0     2/0     2/0     2/0   '24785700'
     537   1/0     1/0     1/0     1/0     2/0     2/0     2/0     2/0     2/0   '24785698'
     538   1/0     1/0     1/0     1/0     2/0     2/0     2/0     2/0     2/0   '24785697'
     539   1/0     1/0     1/0     1/0     2/0     2/0     2/0     2/0     2/0   '24785426'
     540   1/0     1/0     1/0     1/0     2/0     2/0     2/0     2/0     2/0   '24785174'
     541   1/0     1/0     1/0     1/0     2/0     2/0     2/0     2/0     2/0   '24785172'
     542   1/0     1/0     1/0     1/0     1/0     1/0     1/0     1/0     1/0   '24782903'
     543   1/0     1/0     1/0     1/0     1/0     1/0     1/0     1/0     1/0   '24782902'
     544   1/0     1/0     1/0     1/0     1/0     1/0     1/0     1/0     1/0   '24782649'
     545   1/0     1/0     1/0     1/0     2/0     2/0     2/0     2/0     2/0   '24782646'
     546   1/0     1/0     1/0     1/0     2/0     2/0     2/0     2/0     2/0   '24782142'
     547   1/0     1/0     1/0     1/0     1/0     1/0     1/0     1/0     1/0   '56676627'
     548   1/0     1/0     1/0     1/0     1/0     1/0     1/0     1/0     1/0   '56669809'
     549   1/0     1/0     1/0     1/0     1/0     1/0     1/0     1/0     1/0   '56669808'
     550   1/0     1/0     1/0     1/0     1/0     1/0     1/0     1/0     1/0   '53362611'
# counts of output and dropped structures after processing steps
# index  sdstex  htreat  desalt  neutra   epik    guard  stereo    cgx   filter  title
     551   1/0     1/0     1/0     1/0     1/0     1/0     1/0     1/0     1/0   '53362610'
     552   1/0     1/0     1/0     1/0     1/0     1/0     1/0     1/0     1/0   '53362555'
     553   1/0     1/0     1/0     1/0     1/0     1/0     1/0     1/0     1/0   '53362549'
     554   2/0     2/0     2/0     2/0     2/0     2/0     2/0     2/0     2/0   '53362498'
     555   1/0     1/0     1/0     1/0     1/0     1/0     1/0     1/0     1/0   '53362492'
     556   1/0     1/0     1/0     1/0     1/0     1/0     1/0     1/0     1/0   '53362437'
     557   1/0     1/0     1/0     1/0     1/0     1/0     1/0     1/0     1/0   '53362209'
     558   1/0     1/0     1/0     1/0     1/0     1/0     1/0     1/0     1/0   '53362157'
     559   1/0     1/0     1/0     1/0     1/0     1/0     1/0     1/0     1/0   '53361523'
     560   1/0     1/0     1/0     1/0     1/0     1/0     1/0     1/0     1/0   '53361522'
     561   1/0     1/0     1/0     1/0     1/0     1/0     1/0     1/0     1/0   '53361521'
     562   1/0     1/0     1/0     1/0     1/0     1/0     1/0     1/0     1/0   '53361520'
     563   1/0     1/0     1/0     1/0     1/0     1/0     1/0     1/0     1/0   '95996'
     564   1/0     1/0     1/0     1/0     1/0     1/0     1/0     1/0     1/0   '56683267'
     565   1/0     1/0     1/0     1/0     2/0     2/0     2/0     2/0     2/0   '56679941'
     566   1/0     1/0     1/0     1/0     2/0     2/0     2/0     2/0     2/0   '56679889'
     567   1/0     1/0     1/0     1/0     1/0     1/0     1/0     1/0     1/0   '56676600'
     568   1/0     1/0     1/0     1/0     1/0     1/0     1/0     1/0     1/0   '56676599'
     569   1/0     1/0     1/0     1/0     1/0     1/0     1/0     1/0     1/0   '56676598'
sdstereoexpander:
sdstereoexpander: WARNING Input structure contains chiralities for atom 3 which is non-chiral. These chiralities have been ignored.

     570   1/0     1/0     1/0     1/0     1/0     1/0     1/0     1/0     1/0   '53392852'
     571   1/0     1/0     1/0     1/0     1/0     1/0     2/0     2/0     2/0   '53392850'
     572   1/0     1/0     1/0     1/0     1/0     1/0     1/0     1/0     1/0   '53391717'
     573   1/0     1/0     1/0     1/0     1/0     1/0     2/0     2/0     2/0   '53391716'
     574   1/0     1/0     1/0     1/0     1/0     1/0     2/0     2/0     2/0   '53391714'
     575   1/0     1/0     1/0     1/0     1/0     1/0     2/0     2/0     2/0   '53391618'
     576   1/0     1/0     1/0     1/0     1/0     1/0     2/0     2/0     2/0   '53391517'
     577   1/0     1/0     1/0     1/0     1/0     1/0     1/0     1/0     1/0   '46701087'
     578   1/0     1/0     1/0     1/0     1/0     1/0     1/0     1/0     1/0   '46701086'
     579   1/0     1/0     1/0     1/0     1/0     1/0     2/0     2/0     2/0   '46701017'
     580   1/0     1/0     1/0     1/0     1/0     1/0     2/0     2/0     2/0   '46701016'
     581   1/0     1/0     1/0     1/0     1/0     1/0     1/0     1/0     1/0   '46701015'
     582   1/0     1/0     1/0     1/0     3/0     3/0     3/0     3/0     3/0   '54577892'
     583   1/0     1/0     1/0     1/0     1/0     1/0     1/0     1/0     1/0   '56677184'
     584   1/0     1/0     1/0     1/0     4/0     4/0     4/0     4/0     4/0   '56666900'
     585   1/0     1/0     1/0     1/0     4/0     4/0     4/0     4/0     4/0   '56666899'
     586   1/0     1/0     1/0     1/0     1/0     1/0     1/0     1/0     1/0   '56660014'
     587   1/0     1/0     1/0     1/0     1/0     1/0     1/0     1/0     1/0   '44564678'
     588   1/0     1/0     1/0     1/0     2/0     2/0     2/0     2/0     2/0   '44564642'
     589   1/0     1/0     1/0     1/0     4/0     4/0     4/0     4/0     4/0   '6918876'
     590   1/0     1/0     1/0     1/0     1/0     1/0     1/0     1/0     1/0   '5311'
sdstereoexpander:
sdstereoexpander: WARNING Input structure contains chiralities for atom 11 which is non-chiral. These chiralities have been ignored.

     591   1/0     1/0     1/0     1/0     1/0     1/0     1/0     1/0     1/0   '57397646'
     592   1/0     1/0     1/0     1/0     1/0     1/0     1/0     1/0     1/0   '53488415'
     593   1/0     1/0     1/0     1/0     1/0     1/0     2/0     2/0     2/0   '57390155'
     594   1/0     1/0     1/0     1/0     1/0     1/0     1/0     1/0     1/0   '56945843'
     595   1/0     1/0     1/0     1/0     1/0     1/0     1/0     1/0     1/0   '54579915'
     596   1/0     1/0     1/0     1/0     1/0     1/0     1/0     1/0     1/0   '52952731'
     597   1/0     1/0     1/0     1/0     1/0     1/0     1/0     1/0     1/0   '24804428'
epik:
WARNING Missing twin_sigma ortho value for Nitrogen+(aromatic coupled). Using a value of 0.0.

     598   1/0     1/0     1/0     1/0     1/0     1/0     1/0     1/0     1/0   '57398563'
     599   1/0     1/0     1/0     1/0     2/0     2/0     2/0     2/0     2/0   '57396785'
epik:
WARNING Missing twin_sigma ortho value for Nitrogen+(aromatic coupled). Using a value of 0.0.

     600   1/0     1/0     1/0     1/0     1/0     1/0     1/0     1/0     1/0   '57393301'
# counts of output and dropped structures after processing steps
# index  sdstex  htreat  desalt  neutra   epik    guard  stereo    cgx   filter  title
     601   1/0     1/0     1/0     1/0     1/0     1/0     1/0     1/0     1/0   '25211401'
     602   1/0     1/0     1/0     1/0     1/0     1/0     1/0     1/0     1/0   '25211400'
sdstereoexpander:
sdstereoexpander: WARNING Input structure contains chiralities for atom 6 which is non-chiral. These chiralities have been ignored.

     603   1/0     1/0     1/0     1/0     1/0     1/0     1/0     1/0     1/0   '57400275'
     604   1/0     1/0     1/0     1/0     1/0     1/0     1/0     1/0     1/0   '70695944'
     605   2/0     2/0     2/0     2/0     2/0     2/0     2/0     2/0     2/0   '42893203'
     606   2/0     2/0     2/0     2/0     2/0     2/0     2/0     2/0     2/0   '16549163'
     607   2/0     2/0     2/0     2/0     2/0     2/0     2/0     2/0     2/0   '16277977'
sdstereoexpander:
sdstereoexpander: WARNING Input structure contains chiralities for atom 3 which is non-chiral. These chiralities have been ignored.

     608   1/0     1/0     1/0     1/0     2/0     2/0     2/0     2/0     2/0   '70691948'
     609   1/0     1/0     1/0     1/0     2/0     2/0     2/0     2/0     2/0   '70685615'
     610   1/0     1/0     1/0     1/0     2/0     2/0     2/0     2/0     2/0   '57403897'
     611   1/0     1/0     1/0     1/0     1/0     1/0     1/0     1/0     1/0   '70694257'
     612   1/0     1/0     1/0     1/0     1/0     1/0     1/0     1/0     1/0   '70694256'
     613   1/0     1/0     1/0     1/0     1/0     1/0     1/0     1/0     1/0   '70688011'
     614   2/0     2/0     2/0     2/0     2/0     2/0     2/0     2/0     2/0   '70685891'
     615   2/0     2/0     2/0     2/0     2/0     2/0     2/0     2/0     2/0   '70685890'
     616   1/0     1/0     1/0     1/0     1/0     1/0     1/0     1/0     1/0   '70685888'
     617   1/0     1/0     1/0     1/0     1/0     1/0     1/0     1/0     1/0   '70685886'
     618   2/0     2/0     2/0     2/0     2/0     2/0     2/0     2/0     2/0   '70683739'
     619   1/0     1/0     1/0     1/0     1/0     1/0     1/0     1/0     1/0   '70681620'
     620   2/0     2/0     2/0     2/0     2/0     2/0     2/0     2/0     2/0   '70681618'
     621   1/0     1/0     1/0     1/0     2/0     2/0     2/0     2/0     2/0   '57342370'
     622   1/0     1/0     1/0     1/0     2/0     2/0     2/0     2/0     2/0   '53358007'
     623   1/0     1/0     1/0     1/0     2/0     2/0     2/0     2/0     2/0   '53357893'
     624   1/0     1/0     1/0     1/0     2/0     2/0     2/0     2/0     2/0   '53357892'
     625   1/0     1/0     1/0     1/0     2/0     2/0     2/0     2/0     2/0   '53357761'
     626   1/0     1/0     1/0     1/0     2/0     2/0     2/0     2/0     2/0   '53357629'
     627   1/0     1/0     1/0     1/0     2/0     2/0     2/0     2/0     2/0   '53357628'
     628   1/0     1/0     1/0     1/0     2/0     2/0     2/0     2/0     2/0   '53357502'
     629   1/0     1/0     1/0     1/0     2/0     2/0     2/0     2/0     2/0   '53341082'
     630   1/0     1/0     1/0     1/0     2/0     2/0     2/0     2/0     2/0   '70696620'
     631   1/0     1/0     1/0     1/0     1/0     1/0     1/0     1/0     1/0   '70684084'
     632   1/0     1/0     1/0     1/0     2/0     2/0     2/0     2/0     2/0   '66573463'
     633   1/0     1/0     1/0     1/0     1/0     1/0     1/0     1/0     1/0   '66573462'
     634   1/0     1/0     1/0     1/0     2/0     2/0     2/0     2/0     2/0   '66573460'
     635   1/0     1/0     1/0     1/0     2/0     2/0     2/0     2/0     2/0   '9860842'
sdstereoexpander:
sdstereoexpander: WARNING Input structure contains chiralities for atom 4 which is non-chiral. These chiralities have been ignored.

     636   1/0     1/0     1/0     1/0     2/0     2/0     2/0     2/0     2/0   '46925884'
     637   1/0     1/0     1/0     1/0     2/0     2/0     3/0     3/0     3/0   '3581333'
     638   1/0     1/0     1/0     1/0     1/0     1/0     1/0     1/0     1/0   '70694958'
     639   1/0     1/0     1/0     1/0     1/0     1/0     1/0     1/0     1/0   '70694957'
     640   1/0     1/0     1/0     1/0     1/0     1/0     1/0     1/0     1/0   '70688708'
     641   1/0     1/0     1/0     1/0     1/0     1/0     1/0     1/0     1/0   '70688707'
     642   1/0     1/0     1/0     1/0     1/0     1/0     1/0     1/0     1/0   '70686601'
     643   1/0     1/0     1/0     1/0     1/0     1/0     1/0     1/0     1/0   '70686600'
     644   1/0     1/0     1/0     1/0     1/0     1/0     1/0     1/0     1/0   '70682372'
     645   1/0     1/0     1/0     1/0     1/0     1/0     1/0     1/0     1/0   '59419871'
     646   1/0     1/0     1/0     1/0     1/0     1/0     1/0     1/0     1/0   '16203446'
     647   1/0     1/0     1/0     1/0     1/0     1/0     1/0     1/0     1/0   '16203329'
     648   1/0     1/0     1/0     1/0     1/0     1/0     1/0     1/0     1/0   '16203328'
     649   1/0     1/0     1/0     1/0     1/0     1/0     1/0     1/0     1/0   '16203327'
     650   1/0     1/0     1/0     1/0     1/0     1/0     1/0     1/0     1/0   '1070510'
# counts of output and dropped structures after processing steps
# index  sdstex  htreat  desalt  neutra   epik    guard  stereo    cgx   filter  title
     651   1/0     1/0     1/0     1/0     2/0     2/0     2/0     2/0     2/0   '57336812'
     652   1/0     1/0     1/0     1/0     2/0     2/0     3/0     3/0     3/0   '57400610'
     653   1/0     1/0     1/0     1/0     1/0     1/0     1/0     1/0     1/0   '71461814'
     654   2/0     2/0     2/0     2/0     2/0     2/0     2/0     2/0     2/0   '71460091'
     655   2/0     2/0     2/0     2/0     4/0     4/0     6/0     6/0     6/0   '71458232'
     656   2/0     2/0     2/0     2/0     4/0     4/0     6/0     6/0     6/0   '71458231'
     657   2/0     2/0     2/0     2/0     2/0     2/0     2/0     2/0     2/0   '71454661'
     658   2/0     2/0     2/0     2/0     2/0     2/0     2/0     2/0     2/0   '71454660'
     659   2/0     2/0     2/0     2/0     2/0     2/0     2/0     2/0     2/0   '71449274'
     660   2/0     2/0     2/0     2/0     2/0     2/0     2/0     2/0     2/0   '57325398'
     661   1/0     1/0     1/0     1/0     1/0     1/0     1/0     1/0     1/0   '71462574'
     662   1/0     1/0     1/0     1/0     1/0     1/0     1/0     1/0     1/0   '71460873'
     663   1/0     1/0     1/0     1/0     1/0     1/0     1/0     1/0     1/0   '71457199'
     664   1/0     1/0     1/0     1/0     1/0     1/0     1/0     1/0     1/0   '71455425'
     665   1/0     1/0     1/0     1/0     1/0     1/0     1/0     1/0     1/0   '70850879'
     666   1/0     1/0     1/0     1/0     2/0     2/0     2/0     2/0     2/0   '67473132'
     667   1/0     1/0     1/0     1/0     1/0     1/0     1/0     1/0     1/0   '46871956'
     668   1/0     1/0     1/0     1/0     1/0     1/0     1/0     1/0     1/0   '44825310'
     669   1/0     1/0     1/0     1/0     1/0     1/0     1/0     1/0     1/0   '44825297'
     670   1/0     1/0     1/0     1/0     1/0     1/0     1/0     1/0     1/0   '36649951'
     671   1/0     1/0     1/0     1/0     1/0     1/0     1/0     1/0     1/0   '20969430'
     672   1/0     1/0     1/0     1/0     1/0     1/0     1/0     1/0     1/0   '71463048'
     673   1/0     1/0     1/0     1/0     1/0     1/0     1/0     1/0     1/0   '71463047'
     674   1/0     1/0     1/0     1/0     1/0     1/0     1/0     1/0     1/0   '71457680'
     675   1/0     1/0     1/0     1/0     1/0     1/0     1/0     1/0     1/0   '71455875'
     676   1/0     1/0     1/0     1/0     1/0     1/0     1/0     1/0     1/0   '71450516'
epik:
WARNING Missing twin_sigma ortho value for Nitrogen+(aromatic coupled). Using a value of 0.0.
WARNING Missing twin_sigma ortho value for Nitrogen+(aromatic coupled). Using a value of 0.0.

     677   1/0     1/0     1/0     1/0     2/0     2/0     2/0     2/0     2/0   '59244670'
epik:
WARNING Missing twin_sigma ortho value for Nitrogen+(aromatic coupled). Using a value of 0.0.
WARNING Missing twin_sigma ortho value for Nitrogen+(aromatic coupled). Using a value of 0.0.

     678   1/0     1/0     1/0     1/0     2/0     2/0     2/0     2/0     2/0   '24889936'
epik:
WARNING Missing twin_sigma ortho value for Nitrogen+(aromatic coupled). Using a value of 0.0.
WARNING Missing twin_sigma ortho value for Nitrogen+(aromatic coupled). Using a value of 0.0.
WARNING Missing twin_sigma ortho value for Nitrogen+(aromatic coupled). Using a value of 0.0.
WARNING Missing twin_sigma ortho value for Nitrogen+(aromatic coupled). Using a value of 0.0.
WARNING Missing twin_sigma ortho value for Nitrogen+(aromatic coupled). Using a value of 0.0.
WARNING Missing twin_sigma ortho value for Nitrogen+(aromatic coupled). Using a value of 0.0.

     679   1/0     1/0     1/0     1/0     2/0     2/0     2/0     2/0     2/0   '24888752'
sdstereoexpander:
sdstereoexpander: WARNING Input structure contains chiralities for atom 13 which is non-chiral. These chiralities have been ignored.

     680   1/0     1/0     1/0     1/0     1/0     1/0     1/0     1/0     1/0   '71540306'
     681   1/0     1/0     1/0     1/0     1/0     1/0     1/0     1/0     1/0   '71540305'
     682   2/0     2/0     2/0     2/0     2/0     2/0     2/0     2/0     2/0   '71540183'
     683   1/0     1/0     1/0     1/0     1/0     1/0     1/0     1/0     1/0   '57418438'
     684   2/0     2/0     2/0     2/0     2/0     2/0     2/0     2/0     2/0   '57418435'
     685   1/0     1/0     1/0     1/0     1/0     1/0     1/0     1/0     1/0   '49846837'
     686   2/0     2/0     2/0     2/0     8/0     8/0     8/0     8/0     8/0   '49846687'
     687   1/0     1/0     1/0     1/0     2/0     2/0     2/0     2/0     2/0   '49846544'
     688   1/0     1/0     1/0     1/0     2/0     2/0     2/0     2/0     2/0   '49846482'
     689   1/0     1/0     1/0     1/0     2/0     2/0     2/0     2/0     2/0   '71606064'
     690   1/0     1/0     1/0     1/0     2/0     2/0     2/0     2/0     2/0   '71605910'
     691   1/0     1/0     1/0     1/0     2/0     2/0     2/0     2/0     2/0   '71605909'
     692   1/0     1/0     1/0     1/0     1/0     1/0     1/0     1/0     1/0   '4233874'
     693   1/0     1/0     1/0     1/0     1/0     1/0     1/0     1/0     1/0   '3120626'
     694   1/0     1/0     1/0     1/0     1/0     1/0     1/0     1/0     1/0   '1254902'
     695   1/0     1/0     1/0     1/0     3/0     3/0     3/0     3/0     3/0   '57380943'
     696   1/0     1/0     1/0     1/0     2/0     2/0     2/0     2/0     2/0   '71292349'
     697   1/0     1/0     1/0     1/0     2/0     2/0     2/0     2/0     2/0   '71292342'
     698   1/0     1/0     1/0     1/0     2/0     2/0     2/0     2/0     2/0   '71292341'
     699   1/0     1/0     1/0     1/0     2/0     2/0     2/0     2/0     2/0   '71292322'
     700   1/0     1/0     1/0     1/0     1/0     1/0     1/0     1/0     1/0   '71720837'
# counts of output and dropped structures after processing steps
# index  sdstex  htreat  desalt  neutra   epik    guard  stereo    cgx   filter  title
     701   1/0     1/0     1/0     1/0     1/0     1/0     1/0     1/0     1/0   '71720202'
     702   1/0     1/0     1/0     1/0     2/0     2/0     2/0     2/0     2/0   '71720198'
     703   1/0     1/0     1/0     1/0     2/0     2/0     2/0     2/0     2/0   '71718999'
     704   1/0     1/0     1/0     1/0     1/0     1/0     1/0     1/0     1/0   '71716565'
     705   1/0     1/0     1/0     1/0     1/0     1/0     1/0     1/0     1/0   '71716560'
     706   1/0     1/0     1/0     1/0     2/0     2/0     2/0     2/0     2/0   '71716559'
     707   1/0     1/0     1/0     1/0     1/0     1/0     1/0     1/0     1/0   '71584316'
     708   1/0     1/0     1/0     1/0     1/0     1/0     1/0     1/0     1/0   '71584072'
     709   1/0     1/0     1/0     1/0     1/0     1/0     1/0     1/0     1/0   '71584071'
     710   1/0     1/0     1/0     1/0     1/0     1/0     1/0     1/0     1/0   '71583971'
     711   1/0     1/0     1/0     1/0     1/0     1/0     1/0     1/0     1/0   '46871604'
     712   1/0     1/0     1/0     1/0     1/0     1/0     1/0     1/0     1/0   '46871603'
     713   1/0     1/0     1/0     1/0     1/0     1/0     1/0     1/0     1/0   '46871525'
     714   1/0     1/0     1/0     1/0     1/0     1/0     1/0     1/0     1/0   '1581910'
     715   1/0     1/0     1/0     1/0     1/0     1/0     1/0     1/0     1/0   '1068691'
     716   1/0     1/0     1/0     1/0     1/0     1/0     1/0     1/0     1/0   '657963'
     717   1/0     1/0     1/0     1/0     1/0     1/0     1/0     1/0     1/0   '71720798'
     718   1/0     1/0     1/0     1/0     1/0     1/0     1/0     1/0     1/0   '71720153'
     719   1/0     1/0     1/0     1/0     1/0     1/0     1/0     1/0     1/0   '71719558'
     720   1/0     1/0     1/0     1/0     1/0     1/0     1/0     1/0     1/0   '71718942'
     721   1/0     1/0     1/0     1/0     1/0     1/0     1/0     1/0     1/0   '71717116'
     722   1/0     1/0     1/0     1/0     1/0     1/0     1/0     1/0     1/0   '71580442'
     723   1/0     1/0     1/0     1/0     1/0     1/0     1/0     1/0     1/0   '71580334'
     724   1/0     1/0     1/0     1/0     1/0     1/0     1/0     1/0     1/0   '71580332'
     725   1/0     1/0     1/0     1/0     1/0     1/0     1/0     1/0     1/0   '71580331'
     726   1/0     1/0     1/0     1/0     1/0     1/0     1/0     1/0     1/0   '71580330'
     727   1/0     1/0     1/0     1/0     1/0     1/0     1/0     1/0     1/0   '71580235'
     728   1/0     1/0     1/0     1/0     1/0     1/0     1/0     1/0     1/0   '71580234'
     729   1/0     1/0     1/0     1/0     1/0     1/0     1/0     1/0     1/0   '71580233'
     730   1/0     1/0     1/0     1/0     2/0     2/0     2/0     2/0     2/0   '71580232'
     731   1/0     1/0     1/0     1/0     1/0     1/0     1/0     1/0     1/0   '71580230'
     732   1/0     1/0     1/0     1/0     1/0     1/0     1/0     1/0     1/0   '71580126'
     733   1/0     1/0     1/0     1/0     1/0     1/0     1/0     1/0     1/0   '71580125'
     734   1/0     1/0     1/0     1/0     1/0     1/0     1/0     1/0     1/0   '71580124'
     735   1/0     1/0     1/0     1/0     1/0     1/0     1/0     1/0     1/0   '71580123'
     736   1/0     1/0     1/0     1/0     1/0     1/0     1/0     1/0     1/0   '71580122'
     737   1/0     1/0     1/0     1/0     1/0     1/0     1/0     1/0     1/0   '71580121'
     738   1/0     1/0     1/0     1/0     1/0     1/0     1/0     1/0     1/0   '71580020'
     739   1/0     1/0     1/0     1/0     1/0     1/0     1/0     1/0     1/0   '71580019'
     740   1/0     1/0     1/0     1/0     1/0     1/0     1/0     1/0     1/0   '71579929'
     741   1/0     1/0     1/0     1/0     1/0     1/0     1/0     1/0     1/0   '71579928'
     742   1/0     1/0     1/0     1/0     1/0     1/0     1/0     1/0     1/0   '71579926'
     743   1/0     1/0     1/0     1/0     1/0     1/0     1/0     1/0     1/0   '71579925'
     744   1/0     1/0     1/0     1/0     1/0     1/0     1/0     1/0     1/0   '71579831'
     745   1/0     1/0     1/0     1/0     1/0     1/0     1/0     1/0     1/0   '71579830'
     746   1/0     1/0     1/0     1/0     2/0     2/0     2/0     2/0     2/0   '71662779'
     747   1/0     1/0     1/0     1/0     2/0     2/0     2/0     2/0     2/0   '71662776'
     748   1/0     1/0     1/0     1/0     1/0     1/0     1/0     1/0     1/0   '71662261'
     749   1/0     1/0     1/0     1/0     2/0     2/0     2/0     2/0     2/0   '71662081'
     750   1/0     1/0     1/0     1/0     2/0     2/0     2/0     2/0     2/0   '71661543'
# counts of output and dropped structures after processing steps
# index  sdstex  htreat  desalt  neutra   epik    guard  stereo    cgx   filter  title
     751   1/0     1/0     1/0     1/0     9/0     9/0     9/0     9/0     9/0   '71681807'
     752   1/0     1/0     1/0     1/0     9/0     9/0     9/0     9/0     9/0   '71681806'
     753   1/0     1/0     1/0     1/0     9/0     9/0     9/0     9/0     9/0   '71681476'
     754   1/0     1/0     1/0     1/0     5/0     5/0     5/0     5/0     5/0   '71551636'
     755   1/0     1/0     1/0     1/0     5/0     5/0     5/0     5/0     5/0   '54585781'
     756   1/0     1/0     1/0     1/0     9/0     9/0     9/0     9/0     9/0   '44595856'
     757   1/0     1/0     1/0     1/0     5/0     5/0     5/0     5/0     5/0   '25129523'
     758   1/0     1/0     1/0     1/0     2/0     2/0     2/0     2/0     2/0   '4908365'
     759   1/0     1/0     1/0     1/0     1/0     1/0     1/0     1/0     1/0   '25229652'

# of processed structures in "ligprep_3-out.maegz" : 1419
# of dropped structures in "ligprep_3-dropped.sdf" : 0

backend run time: 0 hours 24 minutes 20.594 seconds
