--------------------------------------------------------------------------------
JobId          : AZAPXLPF54LQAG-0-67bf3135
Name           : ligprep_1
Program        : LigPrep
Version        : 2021-3 build 137
Host           : AZAPXLPF54LQAG
Dir            : C:\Users\kmml910\OneDrive - AZCollaboration\Documents\Coding\Mouse_microsomal_stability\ML ready dataset\ligprep_training_dataset_578compounds\ligprep_1
HostEntry      : localhost
JobHost        : AZAPXLPF54LQAG
JobDir         : C:\Users\kmml910\AppData\Local\Schrodinger\tmp\ligprep_1
JobSchrodinger : C:\Program Files\Schrodinger2021-3
Commandline    : C:\Program Files\Schrodinger2021-3\ligprep.exe -inp ligprep_1.inp -HOST localhost:1 -NJOBS 1 -PROJ C:\Users\kmml910\AppData\Local\Schrodinger\tmp\Tmp_24Feb2025_1025_42953 -DISP append -VIEWNAME ligprep_gui.LigPrepPanel -TMPLAUNCHDIR
StartTime      : 2025-02-26-15:20:23
--------------------------------------------------------------------------------
LigPrep (version 59137). Copyright Schrodinger, LLC. All rights reserved.

LigPrep command:
$SCHRODINGER/ligprep -ma 500 -bff 16 -epik -s 32 -isd ligprep_1.sdf -omae ligprep_1-out.maegz

Processing steps:
$DO.sdconvert_in -bad -orig_file_index 0 -orig_file ligprep_1.sdf ligprep_1.sdf
$DO.sdstereoexpander -add_hydrogens -max_output 32 -max_generated 1024 <infile.mae> <outfile.mae>
$DO.htreat -t All-None -a all -s -l 500 <infile.mae> <outfile.mae>
$DO.desalter <infile.mae> <outfile.mae>
$DO.neutralizer -m 500 <infile.mae> <outfile.mae>
$DO.epik.py -ph 7.0 -tn 8 -ma 500 -imae <infile.mae> -omae <outfile.mae>
$DO.guard <infile.mae> <outfile.mae>
$DO.stereoizer -label_specified_chiralities -n 32 <infile.mae> <outfile.mae>
$DO.cgx -optimize -ffld 16 -epsilon 10.0 <infile.mae> <outfile.mae>
$DO.filterstereo -max_stereo 32 <infile.mae> <outfile.mae>

DO=$SCHRODINGER\run python3 -m schrodinger.application.macromodel.packages.ligprep3

# counts of output and dropped structures after processing steps
# index  sdstex  htreat  desalt  neutra   epik    guard  stereo    cgx   filter  title
sdstereoexpander:
sdstereoexpander: WARNING Input structure contains chiralities for atom 5 which is non-chiral. These chiralities have been ignored.

Adding general crowding pattern: count 1
number of matches for crowding type: deprotonated_amide_ortho_to_aromatic_nX2: abs type: General aromatic protonated n (formally charged): 1
Adding general crowding pattern: count 1
number of matches for crowding type: deprotonated_amide_ortho_to_aromatic_nX2: abs type: General aromatic protonated n (formally charged): 1
       1   1/0     1/0     1/0     1/0     1/0     1/0     1/0     1/0     1/0   '44563195'
Adding general crowding pattern: count 1
number of matches for crowding type: deprotonated_amide_ortho_to_aromatic_nX2: abs type: General aromatic protonated n (formally charged): 1
Adding general crowding pattern: count 1
number of matches for crowding type: deprotonated_amide_ortho_to_aromatic_nX2: abs type: General aromatic protonated n (formally charged): 1
       2   1/0     1/0     1/0     1/0     1/0     1/0     1/0     1/0     1/0   '44563194'
Adding general crowding pattern: count 1
number of matches for crowding type: deprotonated_amide_ortho_to_aromatic_nX2: abs type: General aromatic protonated n (formally charged): 1
Adding general crowding pattern: count 1
number of matches for crowding type: deprotonated_amide_ortho_to_aromatic_nX2: abs type: General aromatic protonated n (formally charged): 1
Adding general crowding pattern: count 1
number of matches for crowding type: deprotonated_amide_ortho_to_aromatic_nX2: abs type: General aromatic protonated n (formally charged): 1
Adding general crowding pattern: count 1
number of matches for crowding type: deprotonated_amide_ortho_to_aromatic_nX2: abs type: General aromatic protonated n (formally charged): 1
Adding general crowding pattern: count 1
number of matches for crowding type: deprotonated_amide_ortho_to_aromatic_nX2: abs type: General aromatic protonated n (formally charged): 1
Adding general crowding pattern: count 1
number of matches for crowding type: deprotonated_amide_ortho_to_aromatic_nX2: abs type: General aromatic protonated n (formally charged): 1
Adding general crowding pattern: count 1
number of matches for crowding type: deprotonated_amide_ortho_to_aromatic_nX2: abs type: General aromatic protonated n (formally charged): 1
Adding general crowding pattern: count 1
number of matches for crowding type: deprotonated_amide_ortho_to_aromatic_nX2: abs type: General aromatic protonated n (formally charged): 1
       3   4/0     4/0     4/0     4/0     4/0     4/0     4/0     4/0     4/0   '44563158'
Adding general crowding pattern: count 1
number of matches for crowding type: deprotonated_amide_ortho_to_aromatic_nX2: abs type: General aromatic protonated n (formally charged): 1
Adding general crowding pattern: count 1
number of matches for crowding type: deprotonated_amide_ortho_to_aromatic_nX2: abs type: General aromatic protonated n (formally charged): 1
Adding general crowding pattern: count 1
number of matches for crowding type: deprotonated_amide_ortho_to_aromatic_nX2: abs type: General aromatic protonated n (formally charged): 1
Adding general crowding pattern: count 1
number of matches for crowding type: deprotonated_amide_ortho_to_aromatic_nX2: abs type: General aromatic protonated n (formally charged): 1
Adding general crowding pattern: count 1
number of matches for crowding type: deprotonated_amide_ortho_to_aromatic_nX2: abs type: General aromatic protonated n (formally charged): 1
Adding general crowding pattern: count 1
number of matches for crowding type: deprotonated_amide_ortho_to_aromatic_nX2: abs type: General aromatic protonated n (formally charged): 1
Adding general crowding pattern: count 1
number of matches for crowding type: deprotonated_amide_ortho_to_aromatic_nX2: abs type: General aromatic protonated n (formally charged): 1
Adding general crowding pattern: count 1
number of matches for crowding type: deprotonated_amide_ortho_to_aromatic_nX2: abs type: General aromatic protonated n (formally charged): 1
       4   4/0     4/0     4/0     4/0     4/0     4/0     4/0     4/0     4/0   '44563157'
Adding general crowding pattern: count 1
number of matches for crowding type: deprotonated_amide_ortho_to_aromatic_nX2: abs type: General aromatic protonated n (formally charged): 1
Adding general crowding pattern: count 1
number of matches for crowding type: deprotonated_amide_ortho_to_aromatic_nX2: abs type: General aromatic protonated n (formally charged): 1
Adding general crowding pattern: count 1
number of matches for crowding type: deprotonated_amide_ortho_to_aromatic_nX2: abs type: General aromatic protonated n (formally charged): 1
Adding general crowding pattern: count 1
number of matches for crowding type: deprotonated_amide_ortho_to_aromatic_nX2: abs type: General aromatic protonated n (formally charged): 1
Adding general crowding pattern: count 1
number of matches for crowding type: deprotonated_amide_ortho_to_aromatic_nX2: abs type: General aromatic protonated n (formally charged): 1
Adding general crowding pattern: count 1
number of matches for crowding type: deprotonated_amide_ortho_to_aromatic_nX2: abs type: General aromatic protonated n (formally charged): 1
Adding general crowding pattern: count 1
number of matches for crowding type: deprotonated_amide_ortho_to_aromatic_nX2: abs type: General aromatic protonated n (formally charged): 1
Adding general crowding pattern: count 1
number of matches for crowding type: deprotonated_amide_ortho_to_aromatic_nX2: abs type: General aromatic protonated n (formally charged): 1
       5   4/0     4/0     4/0     4/0     4/0     4/0     4/0     4/0     4/0   '44563156'
Adding general crowding pattern: count 1
number of matches for crowding type: deprotonated_amide_ortho_to_aromatic_nX2: abs type: General aromatic protonated n (formally charged): 1
Adding general crowding pattern: count 1
number of matches for crowding type: deprotonated_amide_ortho_to_aromatic_nX2: abs type: General aromatic protonated n (formally charged): 1
Adding general crowding pattern: count 1
number of matches for crowding type: deprotonated_amide_ortho_to_aromatic_nX2: abs type: General aromatic protonated n (formally charged): 1
Adding general crowding pattern: count 1
number of matches for crowding type: deprotonated_amide_ortho_to_aromatic_nX2: abs type: General aromatic protonated n (formally charged): 1
       6   4/0     4/0     4/0     4/0     4/0     4/0     4/0     4/0     4/0   '44563155'
Adding general crowding pattern: count 1
number of matches for crowding type: deprotonated_amide_ortho_to_aromatic_nX2: abs type: General aromatic protonated n (formally charged): 1
Adding general crowding pattern: count 1
number of matches for crowding type: deprotonated_amide_ortho_to_aromatic_nX2: abs type: General aromatic protonated n (formally charged): 1
       7   1/0     1/0     1/0     1/0     1/0     1/0     1/0     1/0     1/0   '25169529'
Adding general crowding pattern: count 1
number of matches for crowding type: deprotonated_amide_ortho_to_aromatic_nX2: abs type: General aromatic protonated n (formally charged): 1
Adding general crowding pattern: count 1
number of matches for crowding type: deprotonated_amide_ortho_to_aromatic_nX2: abs type: General aromatic protonated n (formally charged): 1
       8   1/0     1/0     1/0     1/0     1/0     1/0     1/0     1/0     1/0   '25169528'
Adding general crowding pattern: count 1
number of matches for crowding type: deprotonated_amide_ortho_to_aromatic_nX2: abs type: General aromatic protonated n (formally charged): 1
Adding general crowding pattern: count 1
number of matches for crowding type: deprotonated_amide_ortho_to_aromatic_nX2: abs type: General aromatic protonated n (formally charged): 1
Adding general crowding pattern: count 1
number of matches for crowding type: deprotonated_amide_ortho_to_aromatic_nX2: abs type: General aromatic protonated n (formally charged): 1
Adding general crowding pattern: count 1
number of matches for crowding type: deprotonated_amide_ortho_to_aromatic_nX2: abs type: General aromatic protonated n (formally charged): 1
       9   2/0     2/0     2/0     2/0     2/0     2/0     2/0     2/0     2/0   '5329921'
Adding general crowding pattern: count 1
number of matches for crowding type: deprotonated_amide_ortho_to_aromatic_nX2: abs type: General aromatic protonated n (formally charged): 1
      10   1/0     1/0     1/0     1/0     1/0     1/0     1/0     1/0     1/0   '3025986'
      11   1/0     1/0     1/0     1/0     1/0     1/0     1/0     1/0     1/0   '24779712'
      12   1/0     1/0     1/0     1/0     2/0     2/0     3/0     3/0     3/0   '11381744'
      13   1/0     1/0     1/0     1/0     2/0     2/0     3/0     3/0     3/0   '11244651'
      14   1/0     1/0     1/0     1/0     2/0     2/0     3/0     3/0     3/0   '11151483'
      15   1/0     1/0     1/0     1/0     2/0     2/0     3/0     3/0     3/0   '9947876'
      16   1/0     1/0     1/0     1/0     1/0     1/0     1/0     1/0     1/0   '2726'
      17   2/0     2/0     2/0     2/0     2/0     2/0     2/0     2/0     2/0   '2249'
      18   1/0     1/0     1/0     1/0     1/0     1/0     1/0     1/0     1/0   '25181217'
      19   1/0     1/0     1/0     1/0     1/0     1/0     1/0     1/0     1/0   '25181201'
      20   1/0     1/0     1/0     1/0     1/0     1/0     1/0     1/0     1/0   '22416235'
      21   1/0     1/0     1/0     1/0     1/0     1/0     1/0     1/0     1/0   '1510389'
      22   1/0     1/0     1/0     1/0     1/0     1/0     1/0     1/0     1/0   '54585290'
      23   1/0     1/0     1/0     1/0     2/0     2/0     2/0     2/0     2/0   '53469858'
      24   1/0     1/0     1/0     1/0     1/0     1/0     1/0     1/0     1/0   '3659633'
      25   1/0     1/0     1/0     1/0     3/0     3/0     3/0     3/0     3/0   '60155784'
      26   1/0     1/0     1/0     1/0     5/0     5/0     5/0     5/0     5/0   '60155622'
      27   1/0     1/0     1/0     1/0     3/0     3/0     3/0     3/0     3/0   '54576041'
      28   1/0     1/0     1/0     1/0     2/0     2/0     2/0     2/0     2/0   '1939911'
      29   1/0     1/0     1/0     1/0     2/0     2/0     2/0     2/0     2/0   '71460306'
      30   1/0     1/0     1/0     1/0     2/0     2/0     2/0     2/0     2/0   '71456593'
sdstereoexpander:
sdstereoexpander: WARNING Input structure contains chiralities for atom 9 which is non-chiral. These chiralities have been ignored.

      31   1/0     1/0     1/0     1/0     1/0     1/0     1/0     1/0     1/0   '58469132'
      32   1/0     1/0     1/0     1/0     2/0     2/0     2/0     2/0     2/0   '53466872'
sdstereoexpander:
sdstereoexpander: WARNING Input structure contains chiralities for atom 7 which is non-chiral. These chiralities have been ignored.

      33   1/0     1/0     1/0     1/0     2/0     2/0     3/0     3/0     3/0   '60170342'
      34   1/0     1/0     1/0     1/0     2/0     2/0     3/0     3/0     3/0   '60170339'
      35   1/0     1/0     1/0     1/0     2/0     2/0     3/0     3/0     3/0   '60170163'
      36   1/0     1/0     1/0     1/0     2/0     2/0     3/0     3/0     3/0   '60169980'
      37   1/0     1/0     1/0     1/0     2/0     2/0     3/0     3/0     3/0   '60168117'
      38   1/0     1/0     1/0     1/0     2/0     2/0     3/0     3/0     3/0   '60168116'
      39   1/0     1/0     1/0     1/0     2/0     2/0     3/0     3/0     3/0   '60168115'
      40   1/0     1/0     1/0     1/0     2/0     2/0     3/0     3/0     3/0   '60168110'
      41   1/0     1/0     1/0     1/0     2/0     2/0     3/0     3/0     3/0   '60168109'
      42   1/0     1/0     1/0     1/0     2/0     2/0     3/0     3/0     3/0   '51031020'
      43   1/0     1/0     1/0     1/0     1/0     1/0     1/0     1/0     1/0   '56933229'
      44   1/0     1/0     1/0     1/0     1/0     1/0     1/0     1/0     1/0   '46907766'
      45   1/0     1/0     1/0     1/0     1/0     1/0     1/0     1/0     1/0   '46907762'
      46   1/0     1/0     1/0     1/0     1/0     1/0     1/0     1/0     1/0   '34976384'
      47   1/0     1/0     1/0     1/0     3/0     3/0     3/0     3/0     3/0   '71455233'
      48   1/0     1/0     1/0     1/0     3/0     3/0     3/0     3/0     3/0   '71453522'
      49   1/0     1/0     1/0     1/0     3/0     3/0     3/0     3/0     3/0   '71451693'
      50   1/0     1/0     1/0     1/0     1/0     1/0     1/0     1/0     1/0   '71654768'
# counts of output and dropped structures after processing steps
# index  sdstex  htreat  desalt  neutra   epik    guard  stereo    cgx   filter  title
      51   1/0     1/0     1/0     1/0     1/0     1/0     1/0     1/0     1/0   '5102106'
      52   1/0     1/0     1/0     1/0     1/0     1/0     1/0     1/0     1/0   '3705615'
      53   1/0     1/0     1/0     1/0     1/0     1/0     1/0     1/0     1/0   '897320'
      54   1/0     1/0     1/0     1/0     1/0     1/0     1/0     1/0     1/0   '71624246'
      55   1/0     1/0     1/0     1/0     1/0     1/0     1/0     1/0     1/0   '10835443'
      56   1/0     1/0     1/0     1/0     1/0     1/0     1/0     1/0     1/0   '9875424'
      57   1/0     1/0     1/0     1/0     1/0     1/0     1/0     1/0     1/0   '6950715'
      58   1/0     1/0     1/0     1/0     2/0     2/0     2/0     2/0     2/0   '71762285'
      59   1/0     1/0     1/0     1/0     2/0     2/0     2/0     2/0     2/0   '71762284'
      60   1/0     1/0     1/0     1/0     2/0     2/0     2/0     2/0     2/0   '71292390'
      61   1/0     1/0     1/0     1/0     2/0     2/0     2/0     2/0     2/0   '71292346'
      62   1/0     1/0     1/0     1/0     2/0     2/0     2/0     2/0     2/0   '71292345'
      63   1/0     1/0     1/0     1/0     2/0     2/0     2/0     2/0     2/0   '71292339'
      64   1/0     1/0     1/0     1/0     2/0     2/0     2/0     2/0     2/0   '71292331'
      65   1/0     1/0     1/0     1/0     2/0     2/0     2/0     2/0     2/0   '1048491'
sdstereoexpander:
sdstereoexpander: WARNING Input structure contains chiralities for atom 7 which is non-chiral. These chiralities have been ignored.

      66   1/0     1/0     1/0     1/0     2/0     2/0     3/0     3/0     3/0   '71713803'
      67   1/0     1/0     1/0     1/0     2/0     2/0     3/0     3/0     3/0   '71713800'
      68   1/0     1/0     1/0     1/0     2/0     2/0     3/0     3/0     3/0   '71713639'
      69   1/0     1/0     1/0     1/0     2/0     2/0     3/0     3/0     3/0   '71713638'
      70   1/0     1/0     1/0     1/0     2/0     2/0     3/0     3/0     3/0   '71713637'
      71   1/0     1/0     1/0     1/0     2/0     2/0     3/0     3/0     3/0   '71713635'
      72   1/0     1/0     1/0     1/0     2/0     2/0     3/0     3/0     3/0   '71580341'
      73   1/0     1/0     1/0     1/0     2/0     2/0     3/0     3/0     3/0   '71580338'
      74   2/0     2/0     2/0     2/0     2/0     2/0     2/0     2/0     2/0   '44438673'
      75   2/0     2/0     2/0     2/0     4/0     4/0     4/0     4/0     4/0   '44438671'
      76   2/0     2/0     2/0     2/0     2/0     2/0     2/0     2/0     2/0   '11712182'
      77   2/0     2/0     2/0     2/0     2/0     2/0     2/0     2/0     2/0   '11626362'
      78   2/0     2/0     2/0     2/0     2/0     2/0     2/0     2/0     2/0   '11618761'
      79   2/0     2/0     2/0     2/0     2/0     2/0     2/0     2/0     2/0   '11576524'
      80   1/0     1/0     1/0     1/0     1/0     1/0     1/0     1/0     1/0   '24854036'
      81   1/0     1/0     1/0     1/0     1/0     1/0     1/0     1/0     1/0   '24854035'
sdstereoexpander:
sdstereoexpander: WARNING Input structure contains chiralities for atom 6 which is non-chiral. These chiralities have been ignored.

      82   1/0     1/0     1/0     1/0     2/0     2/0     3/0     3/0     3/0   '25023742'
      83   1/0     1/0     1/0     1/0     2/0     2/0     2/0     2/0     2/0   '25023741'
      84   1/0     1/0     1/0     1/0     1/0     1/0     1/0     1/0     1/0   '25023740'
      85   1/0     1/0     1/0     1/0     1/0     1/0     1/0     1/0     1/0   '9901372'
      86   1/0     1/0     1/0     1/0     1/0     1/0     1/0     1/0     1/0   '42626270'
      87   1/0     1/0     1/0     1/0     1/0     1/0     1/0     1/0     1/0   '42626265'
      88   1/0     1/0     1/0     1/0     1/0     1/0     1/0     1/0     1/0   '42625505'
      89   1/0     1/0     1/0     1/0     2/0     2/0     2/0     2/0     2/0   '42625325'
      90   1/0     1/0     1/0     1/0     1/0     1/0     1/0     1/0     1/0   '45482584'
      91   1/0     1/0     1/0     1/0     1/0     1/0     1/0     1/0     1/0   '45482579'
      92   1/0     1/0     1/0     1/0     1/0     1/0     1/0     1/0     1/0   '45482578'
      93   1/0     1/0     1/0     1/0     1/0     1/0     1/0     1/0     1/0   '45482567'
      94   1/0     1/0     1/0     1/0     1/0     1/0     1/0     1/0     1/0   '45482566'
      95   1/0     1/0     1/0     1/0     1/0     1/0     1/0     1/0     1/0   '45482565'
      96   1/0     1/0     1/0     1/0     1/0     1/0     1/0     1/0     1/0   '45482559'
      97   1/0     1/0     1/0     1/0     1/0     1/0     1/0     1/0     1/0   '45482543'
      98   1/0     1/0     1/0     1/0     1/0     1/0     1/0     1/0     1/0   '45482512'
      99   1/0     1/0     1/0     1/0     1/0     1/0     1/0     1/0     1/0   '45482511'
     100   1/0     1/0     1/0     1/0     1/0     1/0     1/0     1/0     1/0   '45482502'
# counts of output and dropped structures after processing steps
# index  sdstex  htreat  desalt  neutra   epik    guard  stereo    cgx   filter  title
     101   4/0     4/0     4/0     4/0     8/0     8/0     8/0     8/0     8/0   '45487146'
     102   4/0     4/0     4/0     4/0     8/0     8/0     8/0     8/0     8/0   '45487124'
     103   4/0     4/0     4/0     4/0     8/0     8/0     8/0     8/0     8/0   '45487123'
     104   4/0     4/0     4/0     4/0     8/0     8/0     8/0     8/0     8/0   '45487122'
     105   2/0     2/0     2/0     2/0     4/0     4/0     4/0     4/0     4/0   '45487103'
     106   2/0     2/0     2/0     2/0     4/0     4/0     4/0     4/0     4/0   '45487096'
     107   4/0     4/0     4/0     4/0     8/0     8/0     8/0     8/0     8/0   '45487093'
     108   2/0     2/0     2/0     2/0     4/0     4/0     4/0     4/0     4/0   '45487090'
     109   4/0     4/0     4/0     4/0     8/0     8/0     8/0     8/0     8/0   '45279506'
     110   4/0     4/0     4/0     4/0     8/0     8/0     8/0     8/0     8/0   '45279505'
     111   4/0     4/0     4/0     4/0     8/0     8/0     8/0     8/0     8/0   '45279330'
     112   4/0     4/0     4/0     4/0     8/0     8/0     8/0     8/0     8/0   '45279243'
     113   4/0     4/0     4/0     4/0     8/0     8/0     8/0     8/0     8/0   '45279238'
     114   2/0     2/0     2/0     2/0     4/0     4/0     4/0     4/0     4/0   '16045555'
     115   4/0     4/0     4/0     4/0     8/0     8/0     8/0     8/0     8/0   '16045395'
     116   2/0     2/0     2/0     2/0     8/0     8/0     8/0     8/0     8/0   '16045394'
     117   2/0     2/0     2/0     2/0     4/0     4/0     4/0     4/0     4/0   '16045311'
     118   1/0     1/0     1/0     1/0     2/0     2/0     3/0     3/0     3/0   '45487391'
     119   1/0     1/0     1/0     1/0     2/0     2/0     3/0     3/0     3/0   '45487390'
     120   1/0     1/0     1/0     1/0     2/0     2/0     2/0     2/0     2/0   '45487383'
     121   1/0     1/0     1/0     1/0     2/0     2/0     2/0     2/0     2/0   '45487382'
     122   1/0     1/0     1/0     1/0     2/0     2/0     2/0     2/0     2/0   '45487372'
     123   1/0     1/0     1/0     1/0     2/0     2/0     3/0     3/0     3/0   '45487356'
     124   1/0     1/0     1/0     1/0     2/0     2/0     3/0     3/0     3/0   '45487331'
     125   1/0     1/0     1/0     1/0     2/0     2/0     3/0     3/0     3/0   '45487309'
     126   1/0     1/0     1/0     1/0     2/0     2/0     3/0     3/0     3/0   '45487284'
     127   1/0     1/0     1/0     1/0     2/0     2/0     3/0     3/0     3/0   '45487283'
     128   2/0     2/0     2/0     2/0     4/0     4/0     4/0     4/0     4/0   '45485533'
     129   1/0     1/0     1/0     1/0     2/0     2/0     2/0     2/0     2/0   '45485492'
     130   2/0     2/0     2/0     2/0     4/0     4/0     4/0     4/0     4/0   '45485491'
     131   2/0     2/0     2/0     2/0     4/0     4/0     4/0     4/0     4/0   '45485490'
     132   2/0     2/0     2/0     2/0     4/0     4/0     4/0     4/0     4/0   '45485471'
     133   2/0     2/0     2/0     2/0     4/0     4/0     4/0     4/0     4/0   '45485464'
     134   2/0     2/0     2/0     2/0     4/0     4/0     4/0     4/0     4/0   '45485450'
     135   2/0     2/0     2/0     2/0     4/0     4/0     4/0     4/0     4/0   '45485446'
     136   2/0     2/0     2/0     2/0     4/0     4/0     4/0     4/0     4/0   '45485422'
     137   2/0     2/0     2/0     2/0     4/0     4/0     4/0     4/0     4/0   '24866346'
     138   2/0     2/0     2/0     2/0     4/0     4/0     4/0     4/0     4/0   '24866175'
     139   2/0     2/0     2/0     2/0     4/0     4/0     4/0     4/0     4/0   '24866173'
     140   2/0     2/0     2/0     2/0     4/0     4/0     4/0     4/0     4/0   '24865993'
     141   2/0     2/0     2/0     2/0     4/0     4/0     4/0     4/0     4/0   '24865989'
     142   2/0     2/0     2/0     2/0     4/0     4/0     4/0     4/0     4/0   '24865786'
     143   2/0     2/0     2/0     2/0     4/0     4/0     4/0     4/0     4/0   '24865253'
     144   2/0     2/0     2/0     2/0     4/0     4/0     4/0     4/0     4/0   '24865249'
     145   2/0     2/0     2/0     2/0     4/0     4/0     4/0     4/0     4/0   '24865068'
     146   2/0     2/0     2/0     2/0     4/0     4/0     4/0     4/0     4/0   '24865066'
     147   2/0     2/0     2/0     2/0     4/0     4/0     4/0     4/0     4/0   '24865064'
     148   2/0     2/0     2/0     2/0     4/0     4/0     4/0     4/0     4/0   '24864886'
     149   2/0     2/0     2/0     2/0     4/0     4/0     4/0     4/0     4/0   '24864885'
     150   2/0     2/0     2/0     2/0     4/0     4/0     4/0     4/0     4/0   '24864711'
# counts of output and dropped structures after processing steps
# index  sdstex  htreat  desalt  neutra   epik    guard  stereo    cgx   filter  title
     151   2/0     2/0     2/0     2/0     4/0     4/0     4/0     4/0     4/0   '24864709'
     152   2/0     2/0     2/0     2/0     4/0     4/0     4/0     4/0     4/0   '24864708'
     153   2/0     2/0     2/0     2/0     2/0     2/0     2/0     2/0     2/0   '24864706'
     154   2/0     2/0     2/0     2/0     4/0     4/0     4/0     4/0     4/0   '24864705'
     155   2/0     2/0     2/0     2/0     4/0     4/0     4/0     4/0     4/0   '24864527'
     156   2/0     2/0     2/0     2/0     4/0     4/0     4/0     4/0     4/0   '24864526'
     157   2/0     2/0     2/0     2/0     4/0     4/0     4/0     4/0     4/0   '24864523'
     158   2/0     2/0     2/0     2/0     4/0     4/0     4/0     4/0     4/0   '24864341'
     159   2/0     2/0     2/0     2/0     4/0     4/0     4/0     4/0     4/0   '24864337'
     160   2/0     2/0     2/0     2/0     4/0     4/0     4/0     4/0     4/0   '24864336'
     161   1/0     1/0     1/0     1/0     2/0     2/0     2/0     2/0     2/0   '23627219'
     162   1/0     1/0     1/0     1/0     1/0     1/0     1/0     1/0     1/0   '46885984'
     163   1/0     1/0     1/0     1/0     1/0     1/0     1/0     1/0     1/0   '46885947'
     164   1/0     1/0     1/0     1/0     1/0     1/0     1/0     1/0     1/0   '46885946'
     165   1/0     1/0     1/0     1/0     1/0     1/0     1/0     1/0     1/0   '46885945'
     166   1/0     1/0     1/0     1/0     1/0     1/0     1/0     1/0     1/0   '46885839'
     167   2/0     2/0     2/0     2/0     2/0     2/0     2/0     2/0     2/0   '46885733'
     168   2/0     2/0     2/0     2/0     2/0     2/0     2/0     2/0     2/0   '46885732'
     169   2/0     2/0     2/0     2/0     2/0     2/0     2/0     2/0     2/0   '46885688'
     170   2/0     2/0     2/0     2/0     2/0     2/0     2/0     2/0     2/0   '46885652'
     171   2/0     2/0     2/0     2/0     2/0     2/0     2/0     2/0     2/0   '46885651'
     172   2/0     2/0     2/0     2/0     2/0     2/0     2/0     2/0     2/0   '46885650'
     173   2/0     2/0     2/0     2/0     2/0     2/0     2/0     2/0     2/0   '46885604'
     174   1/0     1/0     1/0     1/0     1/0     1/0     1/0     1/0     1/0   '46885501'
     175   1/0     1/0     1/0     1/0     1/0     1/0     1/0     1/0     1/0   '46885434'
     176   1/0     1/0     1/0     1/0     1/0     1/0     1/0     1/0     1/0   '46885433'
     177   1/0     1/0     1/0     1/0     1/0     1/0     1/0     1/0     1/0   '46885385'
     178   1/0     1/0     1/0     1/0     1/0     1/0     1/0     1/0     1/0   '46885343'
     179   1/0     1/0     1/0     1/0     4/0     4/0     4/0     4/0     4/0   '70692558'
     180   2/0     2/0     2/0     2/0     8/0     8/0    12/0    12/0    12/0   '70688374'
     181   1/0     1/0     1/0     1/0     6/0     6/0     9/0     9/0     9/0   '70688373'
     182   1/0     1/0     1/0     1/0     4/0     4/0     6/0     6/0     6/0   '70686252'
     183   2/0     2/0     2/0     2/0     4/0     4/0     4/0     4/0     4/0   '70681992'
     184   1/0     1/0     1/0     1/0     4/0     4/0     4/0     4/0     4/0   '69181135'
     185   1/0     1/0     1/0     1/0     2/0     2/0     2/0     2/0     2/0   '68750986'
     186   1/0     1/0     1/0     1/0     3/0     3/0     3/0     3/0     3/0   '68749727'
     187   1/0     1/0     1/0     1/0     2/0     2/0     2/0     2/0     2/0   '46909588'
     188   1/0     1/0     1/0     1/0     2/0     2/0     2/0     2/0     2/0   '52948593'
     189   1/0     1/0     1/0     1/0     2/0     2/0     2/0     2/0     2/0   '52948565'
     190   1/0     1/0     1/0     1/0     3/0     3/0     3/0     3/0     3/0   '52948519'
     191   1/0     1/0     1/0     1/0     3/0     3/0     3/0     3/0     3/0   '52946092'
     192   1/0     1/0     1/0     1/0     2/0     2/0     2/0     2/0     2/0   '52946059'
     193   1/0     1/0     1/0     1/0     2/0     2/0     2/0     2/0     2/0   '52944909'
     194   1/0     1/0     1/0     1/0     1/0     1/0     1/0     1/0     1/0   '52944873'
     195   1/0     1/0     1/0     1/0     2/0     2/0     2/0     2/0     2/0   '52942507'
     196   1/0     1/0     1/0     1/0     1/0     1/0     1/0     1/0     1/0   '52942482'
     197   1/0     1/0     1/0     1/0     1/0     1/0     1/0     1/0     1/0   '52941286'
     198   1/0     1/0     1/0     1/0     3/0     3/0     3/0     3/0     3/0   '46869877'
     199   1/0     1/0     1/0     1/0     2/0     2/0     2/0     2/0     2/0   '46869742'
     200   1/0     1/0     1/0     1/0     2/0     2/0     2/0     2/0     2/0   '46869740'
# counts of output and dropped structures after processing steps
# index  sdstex  htreat  desalt  neutra   epik    guard  stereo    cgx   filter  title
     201   1/0     1/0     1/0     1/0     1/0     1/0     1/0     1/0     1/0   '46869677'
     202   1/0     1/0     1/0     1/0     3/0     3/0     3/0     3/0     3/0   '46869611'
     203   1/0     1/0     1/0     1/0     1/0     1/0     1/0     1/0     1/0   '46869609'
     204   1/0     1/0     1/0     1/0     2/0     2/0     2/0     2/0     2/0   '46869223'
     205   1/0     1/0     1/0     1/0     3/0     3/0     3/0     3/0     3/0   '46869149'
     206   1/0     1/0     1/0     1/0     1/0     1/0     1/0     1/0     1/0   '46869147'
     207   1/0     1/0     1/0     1/0     2/0     2/0     2/0     2/0     2/0   '46869075'
     208   1/0     1/0     1/0     1/0     1/0     1/0     1/0     1/0     1/0   '46869071'
     209   1/0     1/0     1/0     1/0     1/0     1/0     1/0     1/0     1/0   '46869000'
     210   1/0     1/0     1/0     1/0     2/0     2/0     2/0     2/0     2/0   '46868930'
     211   1/0     1/0     1/0     1/0     2/0     2/0     2/0     2/0     2/0   '53325286'
     212   1/0     1/0     1/0     1/0     2/0     2/0     2/0     2/0     2/0   '53325283'
     213   2/0     2/0     2/0     2/0     4/0     4/0     4/0     4/0     4/0   '53317416'
     214   1/0     1/0     1/0     1/0     2/0     2/0     2/0     2/0     2/0   '50941539'
     215   1/0     1/0     1/0     1/0     2/0     2/0     2/0     2/0     2/0   '50941455'
epik:
WARNING epik::uncertainty: unknown property
  [nX2-0,nX2-,nX3-1]1[cX3][cX3][nX3+1,nX3-0,nX3-1]2[nX2+1,nX2-0,nX2-1][cX3](-[$Amino])[cX3][cX3][cX3]21
                                                                                   ^

WARNING epik::uncertainty: unknown property
  [#1]-[nX3+1,nX3-0,nX3-1]1[cX3][cX3][nX3+1,nX3-0,nX3-1]2[nX2+1,nX2-0,nX2-1][cX3](-[$Amino])[cX3][cX3][cX3]21
                                                                                         ^


     216   1/0     1/0     1/0     1/0     2/0     2/0     2/0     2/0     2/0   '53324309'
epik:
WARNING epik::uncertainty: unknown property
  [nX2-0,nX2-,nX3-1]1[cX3][cX3][nX3+1,nX3-0,nX3-1]2[nX2+1,nX2-0,nX2-1][cX3](-[$Amino])[cX3][cX3][cX3]21
                                                                                   ^

WARNING epik::uncertainty: unknown property
  [#1]-[nX3+1,nX3-0,nX3-1]1[cX3][cX3][nX3+1,nX3-0,nX3-1]2[nX2+1,nX2-0,nX2-1][cX3](-[$Amino])[cX3][cX3][cX3]21
                                                                                         ^


     217   1/0     1/0     1/0     1/0     2/0     2/0     2/0     2/0     2/0   '53321634'
epik:
WARNING epik::uncertainty: unknown property
  [nX2-0,nX2-,nX3-1]1[cX3][cX3][nX3+1,nX3-0,nX3-1]2[nX2+1,nX2-0,nX2-1][cX3](-[$Amino])[cX3][cX3][cX3]21
                                                                                   ^

WARNING epik::uncertainty: unknown property
  [#1]-[nX3+1,nX3-0,nX3-1]1[cX3][cX3][nX3+1,nX3-0,nX3-1]2[nX2+1,nX2-0,nX2-1][cX3](-[$Amino])[cX3][cX3][cX3]21
                                                                                         ^


     218   1/0     1/0     1/0     1/0     2/0     2/0     2/0     2/0     2/0   '51003477'
epik:
WARNING epik::uncertainty: unknown property
  [nX2-0,nX2-,nX3-1]1[cX3][cX3][nX3+1,nX3-0,nX3-1]2[nX2+1,nX2-0,nX2-1][cX3](-[$Amino])[cX3][cX3][cX3]21
                                                                                   ^

WARNING epik::uncertainty: unknown property
  [#1]-[nX3+1,nX3-0,nX3-1]1[cX3][cX3][nX3+1,nX3-0,nX3-1]2[nX2+1,nX2-0,nX2-1][cX3](-[$Amino])[cX3][cX3][cX3]21
                                                                                         ^


     219   1/0     1/0     1/0     1/0     2/0     2/0     2/0     2/0     2/0   '50905014'
     220   1/0     1/0     1/0     1/0     1/0     1/0     1/0     1/0     1/0   '54587797'
     221   1/0     1/0     1/0     1/0     1/0     1/0     1/0     1/0     1/0   '54585761'
     222   1/0     1/0     1/0     1/0     1/0     1/0     1/0     1/0     1/0   '54580871'
     223   1/0     1/0     1/0     1/0     1/0     1/0     1/0     1/0     1/0   '54580869'
     224   1/0     1/0     1/0     1/0     1/0     1/0     1/0     1/0     1/0   '52918253'
epik:
WARNING epik::uncertainty: unknown property
  [nX2-0,nX2-,nX3-1]1[cX3][cX3][nX3+1,nX3-0,nX3-1]2[nX2+1,nX2-0,nX2-1][cX3](-[$Amino])[cX3][cX3][cX3]21
                                                                                   ^

WARNING epik::uncertainty: unknown property
  [#1]-[nX3+1,nX3-0,nX3-1]1[cX3][cX3][nX3+1,nX3-0,nX3-1]2[nX2+1,nX2-0,nX2-1][cX3](-[$Amino])[cX3][cX3][cX3]21
                                                                                         ^


     225   1/0     1/0     1/0     1/0     2/0     2/0     2/0     2/0     2/0   '56680222'
epik:
WARNING epik::uncertainty: unknown property
  [nX2-0,nX2-,nX3-1]1[cX3][cX3][nX3+1,nX3-0,nX3-1]2[nX2+1,nX2-0,nX2-1][cX3](-[$Amino])[cX3][cX3][cX3]21
                                                                                   ^

WARNING epik::uncertainty: unknown property
  [#1]-[nX3+1,nX3-0,nX3-1]1[cX3][cX3][nX3+1,nX3-0,nX3-1]2[nX2+1,nX2-0,nX2-1][cX3](-[$Amino])[cX3][cX3][cX3]21
                                                                                         ^


     226   1/0     1/0     1/0     1/0     2/0     2/0     2/0     2/0     2/0   '56680221'
epik:
WARNING epik::uncertainty: unknown property
  [nX2-0,nX2-,nX3-1]1[cX3][cX3][nX3+1,nX3-0,nX3-1]2[nX2+1,nX2-0,nX2-1][cX3](-[$Amino])[cX3][cX3][cX3]21
                                                                                   ^

WARNING epik::uncertainty: unknown property
  [#1]-[nX3+1,nX3-0,nX3-1]1[cX3][cX3][nX3+1,nX3-0,nX3-1]2[nX2+1,nX2-0,nX2-1][cX3](-[$Amino])[cX3][cX3][cX3]21
                                                                                         ^


     227   1/0     1/0     1/0     1/0     2/0     2/0     2/0     2/0     2/0   '56673592'
epik:
WARNING epik::uncertainty: unknown property
  [nX2-0,nX2-,nX3-1]1[cX3][cX3][nX3+1,nX3-0,nX3-1]2[nX2+1,nX2-0,nX2-1][cX3](-[$Amino])[cX3][cX3][cX3]21
                                                                                   ^

WARNING epik::uncertainty: unknown property
  [#1]-[nX3+1,nX3-0,nX3-1]1[cX3][cX3][nX3+1,nX3-0,nX3-1]2[nX2+1,nX2-0,nX2-1][cX3](-[$Amino])[cX3][cX3][cX3]21
                                                                                         ^


     228   1/0     1/0     1/0     1/0     2/0     2/0     2/0     2/0     2/0   '56670065'
     229   1/0     1/0     1/0     1/0     3/0     3/0     3/0     3/0     3/0   '56682209'
     230   1/0     1/0     1/0     1/0     3/0     3/0     3/0     3/0     3/0   '56678888'
     231   1/0     1/0     1/0     1/0     1/0     1/0     1/0     1/0     1/0   '56675421'
     232   1/0     1/0     1/0     1/0     1/0     1/0     1/0     1/0     1/0   '56672175'
     233   1/0     1/0     1/0     1/0     3/0     3/0     3/0     3/0     3/0   '56672174'
     234   1/0     1/0     1/0     1/0     3/0     3/0     3/0     3/0     3/0   '56672173'
     235   1/0     1/0     1/0     1/0     3/0     3/0     3/0     3/0     3/0   '56668697'
     236   1/0     1/0     1/0     1/0     1/0     1/0     1/0     1/0     1/0   '56668539'
     237   1/0     1/0     1/0     1/0     3/0     3/0     3/0     3/0     3/0   '56665247'
     238   1/0     1/0     1/0     1/0     3/0     3/0     3/0     3/0     3/0   '56665246'
     239   1/0     1/0     1/0     1/0     3/0     3/0     3/0     3/0     3/0   '56665245'
     240   1/0     1/0     1/0     1/0     1/0     1/0     1/0     1/0     1/0   '56665093'
     241   1/0     1/0     1/0     1/0     1/0     1/0     1/0     1/0     1/0   '56665092'
     242   1/0     1/0     1/0     1/0     3/0     3/0     3/0     3/0     3/0   '56661802'
     243   1/0     1/0     1/0     1/0     3/0     3/0     3/0     3/0     3/0   '56658303'
     244   1/0     1/0     1/0     1/0     1/0     1/0     1/0     1/0     1/0   '56658171'
     245   1/0     1/0     1/0     1/0     3/0     3/0     3/0     3/0     3/0   '46869882'
     246   1/0     1/0     1/0     1/0     3/0     3/0     3/0     3/0     3/0   '46869881'
     247   1/0     1/0     1/0     1/0     3/0     3/0     3/0     3/0     3/0   '46869493'
     248   1/0     1/0     1/0     1/0     3/0     3/0     3/0     3/0     3/0   '46869491'
     249   1/0     1/0     1/0     1/0     3/0     3/0     3/0     3/0     3/0   '46869290'
     250   1/0     1/0     1/0     1/0     3/0     3/0     3/0     3/0     3/0   '46868925'
# counts of output and dropped structures after processing steps
# index  sdstex  htreat  desalt  neutra   epik    guard  stereo    cgx   filter  title
     251   1/0     1/0     1/0     1/0     3/0     3/0     3/0     3/0     3/0   '57402042'
     252   2/0     2/0     2/0     2/0     6/0     6/0     6/0     6/0     6/0   '57393383'
     253   2/0     2/0     2/0     2/0     4/0     4/0     4/0     4/0     4/0   '24782040'
     254   2/0     2/0     2/0     2/0     6/0     6/0     6/0     6/0     6/0   '12111412'
     255   2/0     2/0     2/0     2/0     6/0     6/0     6/0     6/0     6/0   '10407625'
     256   2/0     2/0     2/0     2/0     6/0     6/0     6/0     6/0     6/0   '10339936'
     257   1/0     1/0     1/0     1/0     3/0     3/0     3/0     3/0     3/0   '10339935'
     258   1/0     1/0     1/0     1/0     3/0     3/0     3/0     3/0     3/0   '10317812'
     259   2/0     2/0     2/0     2/0     4/0     4/0     4/0     4/0     4/0   '10293288'
     260   2/0     2/0     2/0     2/0     4/0     4/0     4/0     4/0     4/0   '10273006'
     261   2/0     2/0     2/0     2/0     4/0     4/0     4/0     4/0     4/0   '10272087'
     262   1/0     1/0     1/0     1/0     3/0     3/0     3/0     3/0     3/0   '10247627'
     263   1/0     1/0     1/0     1/0     2/0     2/0     2/0     2/0     2/0   '10199925'
     264   2/0     2/0     2/0     2/0     4/0     4/0     4/0     4/0     4/0   '10178895'
     265   2/0     2/0     2/0     2/0     4/0     4/0     4/0     4/0     4/0   '10177964'
     266   1/0     1/0     1/0     1/0     2/0     2/0     2/0     2/0     2/0   '10156756'
     267   2/0     2/0     2/0     2/0     4/0     4/0     4/0     4/0     4/0   '10155901'
     268   2/0     2/0     2/0     2/0     4/0     4/0     4/0     4/0     4/0   '10136280'
     269   2/0     2/0     2/0     2/0     6/0     6/0     6/0     6/0     6/0   '10001666'
     270   2/0     2/0     2/0     2/0     6/0     6/0     6/0     6/0     6/0   '10001665'
     271   2/0     2/0     2/0     2/0     6/0     6/0     6/0     6/0     6/0   '10000883'
     272   1/0     1/0     1/0     1/0     2/0     2/0     2/0     2/0     2/0   '160355'
sdstereoexpander:
sdstereoexpander: WARNING Input structure contains chiralities for atom 6 which is non-chiral. These chiralities have been ignored.

     273   1/0     1/0     1/0     1/0     1/0     1/0     1/0     1/0     1/0   '57403535'
     274   1/0     1/0     1/0     1/0     1/0     1/0     1/0     1/0     1/0   '57402913'
     275   1/0     1/0     1/0     1/0     2/0     2/0     2/0     2/0     2/0   '57400020'
     276   1/0     1/0     1/0     1/0     2/0     2/0     2/0     2/0     2/0   '57399921'
     277   1/0     1/0     1/0     1/0     1/0     1/0     1/0     1/0     1/0   '57396584'
     278   1/0     1/0     1/0     1/0     1/0     1/0     1/0     1/0     1/0   '57396583'
     279   1/0     1/0     1/0     1/0     1/0     1/0     1/0     1/0     1/0   '57396582'
     280   1/0     1/0     1/0     1/0     2/0     2/0     2/0     2/0     2/0   '57393090'
     281   1/0     1/0     1/0     1/0     1/0     1/0     1/0     1/0     1/0   '57393089'
     282   1/0     1/0     1/0     1/0     1/0     1/0     1/0     1/0     1/0   '56951323'
     283   1/0     1/0     1/0     1/0     3/0     3/0     3/0     3/0     3/0   '56951322'
     284   1/0     1/0     1/0     1/0     2/0     2/0     2/0     2/0     2/0   '56934549'
     285   1/0     1/0     1/0     1/0     3/0     3/0     3/0     3/0     3/0   '57396608'
     286   1/0     1/0     1/0     1/0     3/0     3/0     3/0     3/0     3/0   '57328247'
     287   1/0     1/0     1/0     1/0     2/0     2/0     2/0     2/0     2/0   '17755052'
     288   2/0     2/0     2/0     2/0     2/0     2/0     2/0     2/0     2/0   '45377161'
     289   1/0     1/0     1/0     1/0     1/0     1/0     1/0     1/0     1/0   '70695918'
     290   1/0     1/0     1/0     1/0     2/0     2/0     2/0     2/0     2/0   '70693796'
     291   1/0     1/0     1/0     1/0     2/0     2/0     2/0     2/0     2/0   '70693737'
     292   1/0     1/0     1/0     1/0     2/0     2/0     2/0     2/0     2/0   '70691725'
     293   1/0     1/0     1/0     1/0     2/0     2/0     2/0     2/0     2/0   '70689595'
     294   1/0     1/0     1/0     1/0     3/0     3/0     3/0     3/0     3/0   '70685407'
     295   1/0     1/0     1/0     1/0     2/0     2/0     2/0     2/0     2/0   '70683300'
     296   1/0     1/0     1/0     1/0     3/0     3/0     3/0     3/0     3/0   '11599186'
sdstereoexpander:
sdstereoexpander: WARNING Input structure contains chiralities for atom 5 which is non-chiral. These chiralities have been ignored.

     297   1/0     1/0     1/0     1/0     1/0     1/0     2/0     2/0     2/0   '70696089'
     298   1/0     1/0     1/0     1/0     1/0     1/0     2/0     2/0     2/0   '70694042'
     299   1/0     1/0     1/0     1/0     1/0     1/0     2/0     2/0     2/0   '70694041'
     300   1/0     1/0     1/0     1/0     1/0     1/0     2/0     2/0     2/0   '70694040'
# counts of output and dropped structures after processing steps
# index  sdstex  htreat  desalt  neutra   epik    guard  stereo    cgx   filter  title
     301   1/0     1/0     1/0     1/0     1/0     1/0     2/0     2/0     2/0   '70694039'
     302   1/0     1/0     1/0     1/0     1/0     1/0     2/0     2/0     2/0   '70691914'
     303   1/0     1/0     1/0     1/0     1/0     1/0     2/0     2/0     2/0   '70691913'
     304   1/0     1/0     1/0     1/0     1/0     1/0     2/0     2/0     2/0   '70689768'
     305   1/0     1/0     1/0     1/0     1/0     1/0     2/0     2/0     2/0   '70685577'
     306   1/0     1/0     1/0     1/0     1/0     1/0     2/0     2/0     2/0   '70685575'
     307   1/0     1/0     1/0     1/0     1/0     1/0     2/0     2/0     2/0   '70683497'
     308   1/0     1/0     1/0     1/0     1/0     1/0     2/0     2/0     2/0   '70681372'
     309   1/0     1/0     1/0     1/0     1/0     1/0     2/0     2/0     2/0   '54769531'
     310   1/0     1/0     1/0     1/0     1/0     1/0     2/0     2/0     2/0   '54769529'
     311   1/0     1/0     1/0     1/0     1/0     1/0     2/0     2/0     2/0   '54670732'
     312   1/0     1/0     1/0     1/0     1/0     1/0     1/0     1/0     1/0   '70696357'
     313   1/0     1/0     1/0     1/0     1/0     1/0     1/0     1/0     1/0   '70690054'
     314   1/0     1/0     1/0     1/0     1/0     1/0     1/0     1/0     1/0   '70690050'
     315   1/0     1/0     1/0     1/0     1/0     1/0     1/0     1/0     1/0   '70688022'
     316   1/0     1/0     1/0     1/0     1/0     1/0     1/0     1/0     1/0   '70683752'
     317   1/0     1/0     1/0     1/0     2/0     2/0     3/0     3/0     3/0   '71455557'
     318   1/0     1/0     1/0     1/0     2/0     2/0     3/0     3/0     3/0   '71452022'
     319   1/0     1/0     1/0     1/0     2/0     2/0     3/0     3/0     3/0   '71452020'
     320   1/0     1/0     1/0     1/0     2/0     2/0     3/0     3/0     3/0   '71450162'
     321   1/0     1/0     1/0     1/0     4/0     4/0     4/0     4/0     4/0   '71463198'
     322   1/0     1/0     1/0     1/0     6/0     6/0     6/0     6/0     6/0   '71461167'
     323   1/0     1/0     1/0     1/0     4/0     4/0     4/0     4/0     4/0   '71459750'
     324   1/0     1/0     1/0     1/0     8/0     8/0     8/0     8/0     8/0   '71459408'
     325   1/0     1/0     1/0     1/0     4/0     4/0     4/0     4/0     4/0   '71459407'
     326   1/0     1/0     1/0     1/0     4/0     4/0     4/0     4/0     4/0   '71456035'
     327   1/0     1/0     1/0     1/0     4/0     4/0     4/0     4/0     4/0   '71456034'
     328   1/0     1/0     1/0     1/0     4/0     4/0     4/0     4/0     4/0   '71454278'
     329   1/0     1/0     1/0     1/0     4/0     4/0     4/0     4/0     4/0   '71454277'
     330   1/0     1/0     1/0     1/0     6/0     6/0     6/0     6/0     6/0   '71450374'
     331   1/0     1/0     1/0     1/0     2/0     2/0     2/0     2/0     2/0   '44203948'
epik:
WARNING Missing twin_sigma ortho value for Nitrogen+(aromatic coupled). Using a value of 0.0.
WARNING Missing twin_sigma ortho value for Nitrogen+(aromatic coupled). Using a value of 0.0.
WARNING Missing twin_sigma ortho value for Nitrogen+(aromatic coupled). Using a value of 0.0.
WARNING Missing twin_sigma ortho value for Nitrogen+(aromatic coupled). Using a value of 0.0.
WARNING Missing twin_sigma ortho value for Nitrogen+(aromatic coupled). Using a value of 0.0.
WARNING Missing twin_sigma ortho value for Nitrogen+(aromatic coupled). Using a value of 0.0.
WARNING Missing twin_sigma ortho value for Nitrogen+(aromatic coupled). Using a value of 0.0.
WARNING Missing twin_sigma ortho value for Nitrogen+(aromatic coupled). Using a value of 0.0.
WARNING Missing twin_sigma ortho value for Nitrogen+(aromatic coupled). Using a value of 0.0.
WARNING Missing twin_sigma ortho value for Nitrogen+(aromatic coupled). Using a value of 0.0.
WARNING Missing twin_sigma ortho value for Nitrogen+(aromatic coupled). Using a value of 0.0.
WARNING Missing twin_sigma ortho value for Nitrogen+(aromatic coupled). Using a value of 0.0.
WARNING Missing twin_sigma ortho value for Nitrogen+(aromatic coupled). Using a value of 0.0.
WARNING Missing twin_sigma ortho value for Nitrogen+(aromatic coupled). Using a value of 0.0.
WARNING Missing twin_sigma ortho value for Nitrogen+(aromatic coupled). Using a value of 0.0.
WARNING Missing twin_sigma ortho value for Nitrogen+(aromatic coupled). Using a value of 0.0.
WARNING Missing twin_sigma ortho value for Nitrogen+(aromatic coupled). Using a value of 0.0.
WARNING Missing twin_sigma ortho value for Nitrogen+(aromatic coupled). Using a value of 0.0.

     332   1/0     1/0     1/0     1/0     2/0     2/0     2/0     2/0     2/0   '71459727'
epik:
WARNING Missing twin_sigma ortho value for Nitrogen+(aromatic coupled). Using a value of 0.0.
WARNING Missing twin_sigma ortho value for Nitrogen+(aromatic coupled). Using a value of 0.0.
WARNING Missing twin_sigma ortho value for Nitrogen+(aromatic coupled). Using a value of 0.0.
WARNING Missing twin_sigma ortho value for Nitrogen+(aromatic coupled). Using a value of 0.0.
WARNING Missing twin_sigma ortho value for Nitrogen+(aromatic coupled). Using a value of 0.0.
WARNING Missing twin_sigma ortho value for Nitrogen+(aromatic coupled). Using a value of 0.0.
WARNING Missing twin_sigma ortho value for Nitrogen+(aromatic coupled). Using a value of 0.0.
WARNING Missing twin_sigma ortho value for Nitrogen+(aromatic coupled). Using a value of 0.0.

     333   1/0     1/0     1/0     1/0     3/0     3/0     3/0     3/0     3/0   '71450666'
     334   1/0     1/0     1/0     1/0     2/0     2/0     4/0     4/0     4/0   '71450665'
epik:
WARNING Missing twin_sigma ortho value for Nitrogen+(aromatic coupled). Using a value of 0.0.
WARNING Missing twin_sigma ortho value for Nitrogen+(aromatic coupled). Using a value of 0.0.
WARNING Missing twin_sigma ortho value for Nitrogen+(aromatic coupled). Using a value of 0.0.
WARNING Missing twin_sigma ortho value for Nitrogen+(aromatic coupled). Using a value of 0.0.
WARNING Missing twin_sigma ortho value for Nitrogen+(aromatic coupled). Using a value of 0.0.
WARNING Missing twin_sigma ortho value for Nitrogen+(aromatic coupled). Using a value of 0.0.
WARNING Missing twin_sigma ortho value for Nitrogen+(aromatic coupled). Using a value of 0.0.
WARNING Missing twin_sigma ortho value for Nitrogen+(aromatic coupled). Using a value of 0.0.

     335   1/0     1/0     1/0     1/0     3/0     3/0     3/0     3/0     3/0   '59225375'
     336   1/0     1/0     1/0     1/0     2/0     2/0     2/0     2/0     2/0   '59225285'
     337   1/0     1/0     1/0     1/0     3/0     3/0     3/0     3/0     3/0   '44465558'
epik:
WARNING Missing twin_sigma ortho value for Nitrogen+(aromatic coupled). Using a value of 0.0.
WARNING Missing twin_sigma ortho value for Nitrogen+(aromatic coupled). Using a value of 0.0.
WARNING Missing twin_sigma ortho value for Nitrogen+(aromatic coupled). Using a value of 0.0.
WARNING Missing twin_sigma ortho value for Nitrogen+(aromatic coupled). Using a value of 0.0.
WARNING Missing twin_sigma ortho value for Nitrogen+(aromatic coupled). Using a value of 0.0.
WARNING Missing twin_sigma ortho value for Nitrogen+(aromatic coupled). Using a value of 0.0.
WARNING Missing twin_sigma ortho value for Nitrogen+(aromatic coupled). Using a value of 0.0.
WARNING Missing twin_sigma ortho value for Nitrogen+(aromatic coupled). Using a value of 0.0.
WARNING Missing twin_sigma ortho value for Nitrogen+(aromatic coupled). Using a value of 0.0.
WARNING Missing twin_sigma ortho value for Nitrogen+(aromatic coupled). Using a value of 0.0.
WARNING Missing twin_sigma ortho value for Nitrogen+(aromatic coupled). Using a value of 0.0.
WARNING Missing twin_sigma ortho value for Nitrogen+(aromatic coupled). Using a value of 0.0.
WARNING Missing twin_sigma ortho value for Nitrogen+(aromatic coupled). Using a value of 0.0.
WARNING Missing twin_sigma ortho value for Nitrogen+(aromatic coupled). Using a value of 0.0.
WARNING Missing twin_sigma ortho value for Nitrogen+(aromatic coupled). Using a value of 0.0.
WARNING Missing twin_sigma ortho value for Nitrogen+(aromatic coupled). Using a value of 0.0.
WARNING Missing twin_sigma ortho value for Nitrogen+(aromatic coupled). Using a value of 0.0.
WARNING Missing twin_sigma ortho value for Nitrogen+(aromatic coupled). Using a value of 0.0.
WARNING Missing twin_sigma ortho value for Nitrogen+(aromatic coupled). Using a value of 0.0.

     338   1/0     1/0     1/0     1/0     4/0     4/0     4/0     4/0     4/0   '44465027'
     339   1/0     1/0     1/0     1/0     3/0     3/0     3/0     3/0     3/0   '44231127'
     340   1/0     1/0     1/0     1/0     2/0     2/0     2/0     2/0     2/0   '73355528'
     341   1/0     1/0     1/0     1/0     2/0     2/0     2/0     2/0     2/0   '73353991'
     342   1/0     1/0     1/0     1/0     1/0     1/0     1/0     1/0     1/0   '73351038'
     343   1/0     1/0     1/0     1/0     1/0     1/0     1/0     1/0     1/0   '73349485'
     344   1/0     1/0     1/0     1/0     1/0     1/0     1/0     1/0     1/0   '73349481'
     345   1/0     1/0     1/0     1/0     1/0     1/0     1/0     1/0     1/0   '73347940'
     346   1/0     1/0     1/0     1/0     1/0     1/0     1/0     1/0     1/0   '73347938'
     347   1/0     1/0     1/0     1/0     1/0     1/0     1/0     1/0     1/0   '73346437'
     348   1/0     1/0     1/0     1/0     1/0     1/0     1/0     1/0     1/0   '14360979'
     349   1/0     1/0     1/0     1/0     1/0     1/0     1/0     1/0     1/0   '13161774'
     350   1/0     1/0     1/0     1/0     1/0     1/0     1/0     1/0     1/0   '12320079'
# counts of output and dropped structures after processing steps
# index  sdstex  htreat  desalt  neutra   epik    guard  stereo    cgx   filter  title
     351   1/0     1/0     1/0     1/0     2/0     2/0     2/0     2/0     2/0   '6479255'
     352   1/0     1/0     1/0     1/0     2/0     2/0     2/0     2/0     2/0   '74166'
     353   1/0     1/0     1/0     1/0     1/0     1/0     1/0     1/0     1/0   '71546822'
     354   1/0     1/0     1/0     1/0     2/0     2/0     2/0     2/0     2/0   '71546820'
     355   1/0     1/0     1/0     1/0     1/0     1/0     1/0     1/0     1/0   '53466736'
     356   1/0     1/0     1/0     1/0     1/0     1/0     1/0     1/0     1/0   '53385597'
     357   1/0     1/0     1/0     1/0     1/0     1/0     1/0     1/0     1/0   '35703'
     358   2/0     2/0     2/0     2/0     2/0     2/0     2/0     2/0     2/0   '4946'
sdstereoexpander:
sdstereoexpander: WARNING Input structure contains chiralities for atom 5 which is non-chiral. These chiralities have been ignored.

     359   1/0     1/0     1/0     1/0     2/0     2/0     2/0     2/0     2/0   '71734921'
     360   1/0     1/0     1/0     1/0     3/0     3/0     3/0     3/0     3/0   '71734843'
     361   1/0     1/0     1/0     1/0     2/0     2/0     2/0     2/0     2/0   '71734763'
     362   1/0     1/0     1/0     1/0     2/0     2/0     2/0     2/0     2/0   '71734762'
     363   1/0     1/0     1/0     1/0     1/0     1/0     1/0     1/0     1/0   '71734761'
     364   1/0     1/0     1/0     1/0     1/0     1/0     1/0     1/0     1/0   '71734760'
     365   2/0     2/0     2/0     2/0     4/0     4/0     4/0     4/0     4/0   '71655770'
     366   1/0     1/0     1/0     1/0     1/0     1/0     1/0     1/0     1/0   '66614212'
     367   1/0     1/0     1/0     1/0     2/0     2/0     2/0     2/0     2/0   '66611591'
     368   1/0     1/0     1/0     1/0     2/0     2/0     2/0     2/0     2/0   '66611089'
     369   1/0     1/0     1/0     1/0     1/0     1/0     1/0     1/0     1/0   '66611088'
     370   1/0     1/0     1/0     1/0     2/0     2/0     2/0     2/0     2/0   '66611076'
     371   1/0     1/0     1/0     1/0     2/0     2/0     2/0     2/0     2/0   '66611017'
     372   1/0     1/0     1/0     1/0     2/0     2/0     2/0     2/0     2/0   '66611001'
     373   1/0     1/0     1/0     1/0     2/0     2/0     2/0     2/0     2/0   '66610941'
     374   2/0     2/0     2/0     2/0     4/0     4/0     4/0     4/0     4/0   '66610937'
     375   1/0     1/0     1/0     1/0     2/0     2/0     2/0     2/0     2/0   '66610852'
     376   1/0     1/0     1/0     1/0     1/0     1/0     1/0     1/0     1/0   '66610805'
     377   1/0     1/0     1/0     1/0     2/0     2/0     2/0     2/0     2/0   '66610798'
     378   1/0     1/0     1/0     1/0     2/0     2/0     2/0     2/0     2/0   '66610702'
     379   1/0     1/0     1/0     1/0     2/0     2/0     2/0     2/0     2/0   '66610338'
     380   1/0     1/0     1/0     1/0     2/0     2/0     2/0     2/0     2/0   '66610210'
     381   1/0     1/0     1/0     1/0     2/0     2/0     2/0     2/0     2/0   '66610067'
     382   1/0     1/0     1/0     1/0     2/0     2/0     2/0     2/0     2/0   '66609911'
     383   1/0     1/0     1/0     1/0     2/0     2/0     2/0     2/0     2/0   '56929243'
     384   1/0     1/0     1/0     1/0     1/0     1/0     1/0     1/0     1/0   '56928663'
     385   1/0     1/0     1/0     1/0     2/0     2/0     2/0     2/0     2/0   '52358357'
     386   1/0     1/0     1/0     1/0     2/0     2/0     2/0     2/0     2/0   '51264526'
     387   1/0     1/0     1/0     1/0     1/0     1/0     1/0     1/0     1/0   '2803102'
sdstereoexpander:
sdstereoexpander: WARNING Input structure contains chiralities for atom 6 which is non-chiral. These chiralities have been ignored.

     388   1/0     1/0     1/0     1/0     3/0     3/0     4/0     4/0     4/0   '71699036'
     389   1/0     1/0     1/0     1/0     3/0     3/0     5/0     5/0     5/0   '71698939'
     390   1/0     1/0     1/0     1/0     3/0     3/0     5/0     5/0     5/0   '58147877'
     391   1/0     1/0     1/0     1/0     3/0     3/0     5/0     5/0     5/0   '57412107'
     392   1/0     1/0     1/0     1/0     3/0     3/0     5/0     5/0     5/0   '44253226'
     393   1/0     1/0     1/0     1/0     2/0     2/0     2/0     2/0     2/0   '73355043'
     394   1/0     1/0     1/0     1/0     2/0     2/0     2/0     2/0     2/0   '71723880'
     395   1/0     1/0     1/0     1/0     4/0     4/0     4/0     4/0     4/0   '71723879'
     396   1/0     1/0     1/0     1/0     2/0     2/0     2/0     2/0     2/0   '71723738'
     397   1/0     1/0     1/0     1/0     2/0     2/0     2/0     2/0     2/0   '58007476'
     398   1/0     1/0     1/0     1/0     2/0     2/0     2/0     2/0     2/0   '44608665'
     399   1/0     1/0     1/0     1/0     2/0     2/0     2/0     2/0     2/0   '24822178'
epik:
WARNING Missing twin_sigma ortho value for N,N-dietheylamine(N+). Using a value of 0.0.
WARNING Missing twin_sigma ortho value for N,N-dietheylamine(N+). Using a value of 0.0.
WARNING Missing twin_sigma ortho value for N,N-dietheylamine(N+). Using a value of 0.0.
WARNING Missing twin_sigma ortho value for N,N-dietheylamine(N+). Using a value of 0.0.

     400   1/0     1/0     1/0     1/0     2/0     2/0     2/0     2/0     2/0   '73353563'
# counts of output and dropped structures after processing steps
# index  sdstex  htreat  desalt  neutra   epik    guard  stereo    cgx   filter  title
epik:
WARNING Missing twin_sigma ortho value for N,N-dietheylamine(N+). Using a value of 0.0.
WARNING Missing twin_sigma ortho value for N,N-dietheylamine(N+). Using a value of 0.0.
WARNING Missing twin_sigma ortho value for N,N-dietheylamine(N+). Using a value of 0.0.
WARNING Missing twin_sigma ortho value for N,N-dietheylamine(N+). Using a value of 0.0.

     401   2/0     2/0     2/0     2/0     2/0     2/0     2/0     2/0     2/0   '71602875'
epik:
WARNING Missing twin_sigma ortho value for Nitrogen+(aromatic coupled). Using a value of 0.0.
WARNING Missing twin_sigma ortho value for Nitrogen+(aromatic coupled). Using a value of 0.0.
WARNING Missing twin_sigma ortho value for Nitrogen+(aromatic coupled). Using a value of 0.0.
WARNING Missing twin_sigma ortho value for Nitrogen+(aromatic coupled). Using a value of 0.0.
WARNING Missing twin_sigma ortho value for Nitrogen+(aromatic coupled). Using a value of 0.0.
WARNING Missing twin_sigma ortho value for Nitrogen+(aromatic coupled). Using a value of 0.0.
WARNING Missing twin_sigma ortho value for Nitrogen+(aromatic coupled). Using a value of 0.0.
WARNING Missing twin_sigma ortho value for Nitrogen+(aromatic coupled). Using a value of 0.0.

     402   2/0     2/0     2/0     2/0     2/0     2/0     2/0     2/0     2/0   '71602828'
epik:
WARNING Missing twin_sigma ortho value for N,N-dietheylamine(N+). Using a value of 0.0.
WARNING Missing twin_sigma ortho value for N,N-dietheylamine(N+). Using a value of 0.0.

     403   1/0     1/0     1/0     1/0     1/0     1/0     1/0     1/0     1/0   '71602779'
epik:
WARNING Missing twin_sigma ortho value for N,N-dietheylamine(N+). Using a value of 0.0.
WARNING Missing twin_sigma ortho value for N,N-dietheylamine(N+). Using a value of 0.0.
WARNING Missing twin_sigma ortho value for N,N-dietheylamine(N+). Using a value of 0.0.
WARNING Missing twin_sigma ortho value for N,N-dietheylamine(N+). Using a value of 0.0.
WARNING Missing twin_sigma ortho value for N,N-dietheylamine(N+). Using a value of 0.0.
WARNING Missing twin_sigma ortho value for N,N-dietheylamine(N+). Using a value of 0.0.
WARNING Missing twin_sigma ortho value for N,N-dietheylamine(N+). Using a value of 0.0.
WARNING Missing twin_sigma ortho value for N,N-dietheylamine(N+). Using a value of 0.0.

     404   4/0     4/0     4/0     4/0     4/0     4/0     4/0     4/0     4/0   '71602777'
epik:
WARNING Missing twin_sigma ortho value for N,N-dietheylamine(N+). Using a value of 0.0.
WARNING Missing twin_sigma ortho value for N,N-dietheylamine(N+). Using a value of 0.0.
WARNING Missing twin_sigma ortho value for N,N-dietheylamine(N+). Using a value of 0.0.
WARNING Missing twin_sigma ortho value for N,N-dietheylamine(N+). Using a value of 0.0.

     405   2/0     2/0     2/0     2/0     2/0     2/0     2/0     2/0     2/0   '58415665'
epik:
WARNING Missing twin_sigma ortho value for N,N-dietheylamine(N+). Using a value of 0.0.
WARNING Missing twin_sigma ortho value for N,N-dietheylamine(N+). Using a value of 0.0.

     406   1/0     1/0     1/0     1/0     1/0     1/0     1/0     1/0     1/0   '58405910'
epik:
WARNING Missing twin_sigma ortho value for N,N-dietheylamine(N+). Using a value of 0.0.
WARNING Missing twin_sigma ortho value for N,N-dietheylamine(N+). Using a value of 0.0.

     407   1/0     1/0     1/0     1/0     1/0     1/0     1/0     1/0     1/0   '58405817'
epik:
WARNING Missing twin_sigma ortho value for N,N-dietheylamine(N+). Using a value of 0.0.
WARNING Missing twin_sigma ortho value for N,N-dietheylamine(N+). Using a value of 0.0.

     408   1/0     1/0     1/0     1/0     1/0     1/0     1/0     1/0     1/0   '58405755'
epik:
WARNING Missing twin_sigma ortho value for N,N-dietheylamine(N+). Using a value of 0.0.
WARNING Missing twin_sigma ortho value for N,N-dietheylamine(N+). Using a value of 0.0.
WARNING Missing twin_sigma ortho value for N,N-dietheylamine(N+). Using a value of 0.0.
WARNING Missing twin_sigma ortho value for N,N-dietheylamine(N+). Using a value of 0.0.

     409   1/0     1/0     1/0     1/0     2/0     2/0     2/0     2/0     2/0   '58405636'
epik:
WARNING Missing twin_sigma ortho value for N,N-dietheylamine(N+). Using a value of 0.0.
WARNING Missing twin_sigma ortho value for N,N-dietheylamine(N+). Using a value of 0.0.

     410   1/0     1/0     1/0     1/0     1/0     1/0     1/0     1/0     1/0   '58405631'
epik:
WARNING Missing twin_sigma ortho value for Nitrogen+(aromatic coupled). Using a value of 0.0.
WARNING Missing twin_sigma ortho value for Nitrogen+(aromatic coupled). Using a value of 0.0.
WARNING Missing twin_sigma ortho value for Nitrogen+(aromatic coupled). Using a value of 0.0.
WARNING Missing twin_sigma ortho value for Nitrogen+(aromatic coupled). Using a value of 0.0.
WARNING Missing twin_sigma ortho value for Nitrogen+(aromatic coupled). Using a value of 0.0.
WARNING Missing twin_sigma ortho value for Nitrogen+(aromatic coupled). Using a value of 0.0.
WARNING Missing twin_sigma ortho value for Nitrogen+(aromatic coupled). Using a value of 0.0.
WARNING Missing twin_sigma ortho value for Nitrogen+(aromatic coupled). Using a value of 0.0.

     411   2/0     2/0     2/0     2/0     2/0     2/0     2/0     2/0     2/0   '58405593'
epik:
WARNING Missing twin_sigma ortho value for Nitrogen+(aromatic coupled). Using a value of 0.0.
WARNING Missing twin_sigma ortho value for Nitrogen+(aromatic coupled). Using a value of 0.0.
WARNING Missing twin_sigma ortho value for Nitrogen+(aromatic coupled). Using a value of 0.0.
WARNING Missing twin_sigma ortho value for Nitrogen+(aromatic coupled). Using a value of 0.0.
WARNING Missing twin_sigma ortho value for Nitrogen+(aromatic coupled). Using a value of 0.0.
WARNING Missing twin_sigma ortho value for Nitrogen+(aromatic coupled). Using a value of 0.0.
WARNING Missing twin_sigma ortho value for Nitrogen+(aromatic coupled). Using a value of 0.0.
WARNING Missing twin_sigma ortho value for Nitrogen+(aromatic coupled). Using a value of 0.0.

     412   2/0     2/0     2/0     2/0     2/0     2/0     2/0     2/0     2/0   '58405571'
epik:
WARNING Missing twin_sigma ortho value for N,N-dietheylamine(N+). Using a value of 0.0.
WARNING Missing twin_sigma ortho value for N,N-dietheylamine(N+). Using a value of 0.0.

     413   1/0     1/0     1/0     1/0     1/0     1/0     1/0     1/0     1/0   '58405566'
epik:
WARNING Missing twin_sigma ortho value for N,N-dietheylamine(N+). Using a value of 0.0.
WARNING Missing twin_sigma ortho value for N,N-dietheylamine(N+). Using a value of 0.0.
WARNING Missing twin_sigma ortho value for N,N-dietheylamine(N+). Using a value of 0.0.
WARNING Missing twin_sigma ortho value for N,N-dietheylamine(N+). Using a value of 0.0.

     414   1/0     1/0     1/0     1/0     2/0     2/0     2/0     2/0     2/0   '58405467'
epik:
WARNING Missing twin_sigma ortho value for N,N-dietheylamine(N+). Using a value of 0.0.
WARNING Missing twin_sigma ortho value for N,N-dietheylamine(N+). Using a value of 0.0.

     415   1/0     1/0     1/0     1/0     1/0     1/0     1/0     1/0     1/0   '58405323'
epik:
WARNING Missing twin_sigma ortho value for N,N-dietheylamine(N+). Using a value of 0.0.
WARNING Missing twin_sigma ortho value for N,N-dietheylamine(N+). Using a value of 0.0.

     416   1/0     1/0     1/0     1/0     1/0     1/0     1/0     1/0     1/0   '58405292'
epik:
WARNING Missing twin_sigma ortho value for Nitrogen+(aromatic coupled). Using a value of 0.0.
WARNING Missing twin_sigma ortho value for Nitrogen+(aromatic coupled). Using a value of 0.0.
WARNING Missing twin_sigma ortho value for Nitrogen+(aromatic coupled). Using a value of 0.0.
WARNING Missing twin_sigma ortho value for Nitrogen+(aromatic coupled). Using a value of 0.0.
WARNING Missing twin_sigma ortho value for Nitrogen+(aromatic coupled). Using a value of 0.0.
WARNING Missing twin_sigma ortho value for Nitrogen+(aromatic coupled). Using a value of 0.0.
WARNING Missing twin_sigma ortho value for Nitrogen+(aromatic coupled). Using a value of 0.0.
WARNING Missing twin_sigma ortho value for Nitrogen+(aromatic coupled). Using a value of 0.0.
WARNING Missing twin_sigma ortho value for Nitrogen+(aromatic coupled). Using a value of 0.0.
WARNING Missing twin_sigma ortho value for Nitrogen+(aromatic coupled). Using a value of 0.0.
WARNING Missing twin_sigma ortho value for Nitrogen+(aromatic coupled). Using a value of 0.0.
WARNING Missing twin_sigma ortho value for Nitrogen+(aromatic coupled). Using a value of 0.0.

     417   1/0     1/0     1/0     1/0     2/0     2/0     2/0     2/0     2/0   '53261848'
epik:
WARNING Missing twin_sigma ortho value for Nitrogen+(aromatic coupled). Using a value of 0.0.
WARNING Missing twin_sigma ortho value for Nitrogen+(aromatic coupled). Using a value of 0.0.
WARNING Missing twin_sigma ortho value for Nitrogen+(aromatic coupled). Using a value of 0.0.
WARNING Missing twin_sigma ortho value for Nitrogen+(aromatic coupled). Using a value of 0.0.
WARNING Missing twin_sigma ortho value for Nitrogen+(aromatic coupled). Using a value of 0.0.
WARNING Missing twin_sigma ortho value for Nitrogen+(aromatic coupled). Using a value of 0.0.

     418   1/0     1/0     1/0     1/0     1/0     1/0     1/0     1/0     1/0   '53261846'
     419   2/0     2/0     2/0     2/0     2/0     2/0     4/0     4/0     4/0   '72375445'
     420   1/0     1/0     1/0     1/0     1/0     1/0     2/0     2/0     2/0   '72375443'
     421   1/0     1/0     1/0     1/0     3/0     3/0     3/0     3/0     3/0   '46869880'
     422   1/0     1/0     1/0     1/0     3/0     3/0     3/0     3/0     3/0   '46869745'
     423   1/0     1/0     1/0     1/0     3/0     3/0     3/0     3/0     3/0   '46869741'
     424   1/0     1/0     1/0     1/0     3/0     3/0     3/0     3/0     3/0   '46869673'
     425   1/0     1/0     1/0     1/0     5/0     5/0     5/0     5/0     5/0   '46868853'
     426   1/0     1/0     1/0     1/0     5/0     5/0     5/0     5/0     5/0   '45102739'
     427   1/0     1/0     1/0     1/0     1/0     1/0     1/0     1/0     1/0   '53467401'
     428   1/0     1/0     1/0     1/0     1/0     1/0     1/0     1/0     1/0   '53466967'
     429   1/0     1/0     1/0     1/0     1/0     1/0     1/0     1/0     1/0   '53466966'
     430   1/0     1/0     1/0     1/0     1/0     1/0     1/0     1/0     1/0   '11545527'
     431   1/0     1/0     1/0     1/0     1/0     1/0     1/0     1/0     1/0   '57523325'
     432   1/0     1/0     1/0     1/0     1/0     1/0     1/0     1/0     1/0   '57523324'
     433   1/0     1/0     1/0     1/0     2/0     2/0     2/0     2/0     2/0   '57523247'
     434   1/0     1/0     1/0     1/0     3/0     3/0     3/0     3/0     3/0   '57523210'
     435   1/0     1/0     1/0     1/0     2/0     2/0     2/0     2/0     2/0   '49854130'
     436   1/0     1/0     1/0     1/0     2/0     2/0     2/0     2/0     2/0   '49853930'
     437   1/0     1/0     1/0     1/0     2/0     2/0     2/0     2/0     2/0   '49837962'
     438   1/0     1/0     1/0     1/0     2/0     2/0     2/0     2/0     2/0   '59605139'
     439   1/0     1/0     1/0     1/0     1/0     1/0     1/0     1/0     1/0   '59604870'
     440   1/0     1/0     1/0     1/0     3/0     3/0     3/0     3/0     3/0   '59604532'
     441   1/0     1/0     1/0     1/0     3/0     3/0     3/0     3/0     3/0   '59604376'
sdstereoexpander:
sdstereoexpander: WARNING Input structure contains chiralities for atom 3 which is non-chiral. These chiralities have been ignored.

     442   1/0     1/0     1/0     1/0     2/0     2/0     4/0     4/0     4/0   '71541574'
     443   1/0     1/0     1/0     1/0     1/0     1/0     1/0     1/0     1/0   '71655623'
     444   2/0     2/0     2/0     2/0     6/0     6/0     8/0     8/0     8/0   '72191392'
     445   2/0     2/0     2/0     2/0     6/0     6/0     8/0     8/0     8/0   '72191391'
     446   2/0     2/0     2/0     2/0     6/0     6/0     6/0     6/0     6/0   '11478962'
     447   2/0     2/0     2/0     2/0     6/0     6/0     6/0     6/0     6/0   '11456078'
     448   2/0     2/0     2/0     2/0     6/0     6/0     6/0     6/0     6/0   '11422298'
     449   2/0     2/0     2/0     2/0     6/0     6/0     6/0     6/0     6/0   '11238677'
     450   1/0     1/0     1/0     1/0     2/0     2/0     2/0     2/0     2/0   '25009031'
# counts of output and dropped structures after processing steps
# index  sdstex  htreat  desalt  neutra   epik    guard  stereo    cgx   filter  title
     451   1/0     1/0     1/0     1/0     2/0     2/0     2/0     2/0     2/0   '25009027'
     452   1/0     1/0     1/0     1/0     1/0     1/0     1/0     1/0     1/0   '56679929'
     453   4/0     4/0     4/0     4/0     4/0     4/0     4/0     4/0     4/0   '56676581'
     454   4/0     4/0     4/0     4/0     4/0     4/0     4/0     4/0     4/0   '56673255'
     455   1/0     1/0     1/0     1/0     1/0     1/0     1/0     1/0     1/0   '56659420'
     456   1/0     1/0     1/0     1/0     1/0     1/0     1/0     1/0     1/0   '56659419'
     457   1/0     1/0     1/0     1/0     1/0     1/0     1/0     1/0     1/0   '57398049'
     458   1/0     1/0     1/0     1/0     1/0     1/0     1/0     1/0     1/0   '24945482'
     459   1/0     1/0     1/0     1/0     1/0     1/0     1/0     1/0     1/0   '24945156'
     460   1/0     1/0     1/0     1/0     1/0     1/0     1/0     1/0     1/0   '24944723'
     461   1/0     1/0     1/0     1/0     1/0     1/0     1/0     1/0     1/0   '1475852'
sdstereoexpander:
sdstereoexpander: WARNING Input structure contains chiralities for atom 9 which is non-chiral. These chiralities have been ignored.

     462   1/0     1/0     1/0     1/0     1/0     1/0     1/0     1/0     1/0   '57403877'
     463   1/0     1/0     1/0     1/0     1/0     1/0     1/0     1/0     1/0   '57400452'
     464   1/0     1/0     1/0     1/0     1/0     1/0     1/0     1/0     1/0   '57396901'
     465   1/0     1/0     1/0     1/0     2/0     2/0     2/0     2/0     2/0   '57396832'
     466   1/0     1/0     1/0     1/0     2/0     2/0     2/0     2/0     2/0   '72165164'
     467   1/0     1/0     1/0     1/0     1/0     1/0     1/0     1/0     1/0   '72165043'
     468   1/0     1/0     1/0     1/0     2/0     2/0     2/0     2/0     2/0   '72165042'
     469   1/0     1/0     1/0     1/0     2/0     2/0     2/0     2/0     2/0   '72165041'
     470   1/0     1/0     1/0     1/0     1/0     1/0     1/0     1/0     1/0   '72163409'
     471   1/0     1/0     1/0     1/0     1/0     1/0     1/0     1/0     1/0   '72163266'
     472   1/0     1/0     1/0     1/0     1/0     1/0     1/0     1/0     1/0   '72163265'
     473   1/0     1/0     1/0     1/0     1/0     1/0     1/0     1/0     1/0   '72163264'
     474   1/0     1/0     1/0     1/0     2/0     2/0     2/0     2/0     2/0   '60207843'
     475   2/0     2/0     2/0     2/0     4/0     4/0     4/0     4/0     4/0   '60207828'
     476   1/0     1/0     1/0     1/0     1/0     1/0     1/0     1/0     1/0   '42171034'
     477   1/0     1/0     1/0     1/0     2/0     2/0     2/0     2/0     2/0   '73356692'
     478   1/0     1/0     1/0     1/0     2/0     2/0     2/0     2/0     2/0   '73356691'
     479   1/0     1/0     1/0     1/0     2/0     2/0     2/0     2/0     2/0   '71813346'
     480   1/0     1/0     1/0     1/0     2/0     2/0     2/0     2/0     2/0   '71813161'
     481   1/0     1/0     1/0     1/0     2/0     2/0     2/0     2/0     2/0   '71813156'
     482   1/0     1/0     1/0     1/0     2/0     2/0     2/0     2/0     2/0   '71812988'
     483   1/0     1/0     1/0     1/0     2/0     2/0     2/0     2/0     2/0   '71812985'
     484   1/0     1/0     1/0     1/0     2/0     2/0     2/0     2/0     2/0   '71812984'
     485   1/0     1/0     1/0     1/0     2/0     2/0     2/0     2/0     2/0   '66548114'
     486   1/0     1/0     1/0     1/0     2/0     2/0     2/0     2/0     2/0   '57641216'
     487   1/0     1/0     1/0     1/0     2/0     2/0     2/0     2/0     2/0   '15950832'
     488   1/0     1/0     1/0     1/0     2/0     2/0     2/0     2/0     2/0   '15950685'
     489   1/0     1/0     1/0     1/0     2/0     2/0     2/0     2/0     2/0   '15950684'
     490   1/0     1/0     1/0     1/0     2/0     2/0     2/0     2/0     2/0   '15950680'
     491   1/0     1/0     1/0     1/0     2/0     2/0     2/0     2/0     2/0   '15950612'
     492   1/0     1/0     1/0     1/0     2/0     2/0     2/0     2/0     2/0   '15950458'
     493   1/0     1/0     1/0     1/0     1/0     1/0     1/0     1/0     1/0   '44627977'
     494   1/0     1/0     1/0     1/0     1/0     1/0     1/0     1/0     1/0   '44627976'
     495   1/0     1/0     1/0     1/0     1/0     1/0     1/0     1/0     1/0   '44627452'
     496   1/0     1/0     1/0     1/0     1/0     1/0     1/0     1/0     1/0   '44627449'
     497   1/0     1/0     1/0     1/0     1/0     1/0     1/0     1/0     1/0   '44627338'
     498   1/0     1/0     1/0     1/0     1/0     1/0     1/0     1/0     1/0   '44627337'
     499   1/0     1/0     1/0     1/0     1/0     1/0     1/0     1/0     1/0   '44627335'
     500   1/0     1/0     1/0     1/0     1/0     1/0     1/0     1/0     1/0   '44627334'
# counts of output and dropped structures after processing steps
# index  sdstex  htreat  desalt  neutra   epik    guard  stereo    cgx   filter  title
     501   1/0     1/0     1/0     1/0     1/0     1/0     1/0     1/0     1/0   '44627333'
     502   1/0     1/0     1/0     1/0     1/0     1/0     1/0     1/0     1/0   '44627222'
     503   1/0     1/0     1/0     1/0     1/0     1/0     1/0     1/0     1/0   '44627221'
     504   1/0     1/0     1/0     1/0     1/0     1/0     1/0     1/0     1/0   '44627113'
     505   1/0     1/0     1/0     1/0     1/0     1/0     1/0     1/0     1/0   '44627112'
     506   1/0     1/0     1/0     1/0     1/0     1/0     1/0     1/0     1/0   '44627015'
     507   1/0     1/0     1/0     1/0     1/0     1/0     1/0     1/0     1/0   '44627014'
     508   1/0     1/0     1/0     1/0     2/0     2/0     2/0     2/0     2/0   '44627013'
     509   1/0     1/0     1/0     1/0     1/0     1/0     1/0     1/0     1/0   '44627010'
     510   1/0     1/0     1/0     1/0     1/0     1/0     1/0     1/0     1/0   '44626916'
     511   1/0     1/0     1/0     1/0     1/0     1/0     1/0     1/0     1/0   '44626915'
     512   1/0     1/0     1/0     1/0     1/0     1/0     1/0     1/0     1/0   '44626825'
     513   1/0     1/0     1/0     1/0     1/0     1/0     1/0     1/0     1/0   '44626823'
     514   1/0     1/0     1/0     1/0     1/0     1/0     1/0     1/0     1/0   '44626725'
     515   1/0     1/0     1/0     1/0     1/0     1/0     1/0     1/0     1/0   '44626617'
     516   1/0     1/0     1/0     1/0     1/0     1/0     1/0     1/0     1/0   '456199'
     517   1/0     1/0     1/0     1/0     1/0     1/0     1/0     1/0     1/0   '49852132'
     518   1/0     1/0     1/0     1/0     1/0     1/0     1/0     1/0     1/0   '49852035'
     519   1/0     1/0     1/0     1/0     1/0     1/0     1/0     1/0     1/0   '49852034'
     520   1/0     1/0     1/0     1/0     1/0     1/0     1/0     1/0     1/0   '49852031'
     521   1/0     1/0     1/0     1/0     1/0     1/0     1/0     1/0     1/0   '49851931'
     522   1/0     1/0     1/0     1/0     1/0     1/0     1/0     1/0     1/0   '49851928'
     523   1/0     1/0     1/0     1/0     1/0     1/0     1/0     1/0     1/0   '49851927'
     524   1/0     1/0     1/0     1/0     1/0     1/0     1/0     1/0     1/0   '49851831'
     525   1/0     1/0     1/0     1/0     1/0     1/0     1/0     1/0     1/0   '49851826'
     526   1/0     1/0     1/0     1/0     1/0     1/0     1/0     1/0     1/0   '49851823'
     527   1/0     1/0     1/0     1/0     1/0     1/0     1/0     1/0     1/0   '49851822'
     528   1/0     1/0     1/0     1/0     1/0     1/0     1/0     1/0     1/0   '49851716'
     529   1/0     1/0     1/0     1/0     1/0     1/0     1/0     1/0     1/0   '49851610'
     530   1/0     1/0     1/0     1/0     1/0     1/0     1/0     1/0     1/0   '49851398'
     531   1/0     1/0     1/0     1/0     1/0     1/0     1/0     1/0     1/0   '49851396'
     532   1/0     1/0     1/0     1/0     1/0     1/0     1/0     1/0     1/0   '49851291'
     533   1/0     1/0     1/0     1/0     1/0     1/0     1/0     1/0     1/0   '49851106'
     534   1/0     1/0     1/0     1/0     1/0     1/0     1/0     1/0     1/0   '49851011'
     535   1/0     1/0     1/0     1/0     1/0     1/0     1/0     1/0     1/0   '49850796'
     536   1/0     1/0     1/0     1/0     1/0     1/0     1/0     1/0     1/0   '49850699'
     537   1/0     1/0     1/0     1/0     1/0     1/0     1/0     1/0     1/0   '49836057'
     538   1/0     1/0     1/0     1/0     1/0     1/0     1/0     1/0     1/0   '54758377'
     539   1/0     1/0     1/0     1/0     1/0     1/0     1/0     1/0     1/0   '54758192'
     540   1/0     1/0     1/0     1/0     1/0     1/0     1/0     1/0     1/0   '54758188'
     541   2/0     2/0     2/0     2/0     2/0     2/0     2/0     2/0     2/0   '54758100'
     542   1/0     1/0     1/0     1/0     1/0     1/0     1/0     1/0     1/0   '54758012'
     543   1/0     1/0     1/0     1/0     1/0     1/0     1/0     1/0     1/0   '54757912'
     544   1/0     1/0     1/0     1/0     1/0     1/0     1/0     1/0     1/0   '54757907'
     545   1/0     1/0     1/0     1/0     1/0     1/0     1/0     1/0     1/0   '54757817'
     546   1/0     1/0     1/0     1/0     1/0     1/0     1/0     1/0     1/0   '54757498'
     547   1/0     1/0     1/0     1/0     1/0     1/0     1/0     1/0     1/0   '54757495'
     548   1/0     1/0     1/0     1/0     1/0     1/0     1/0     1/0     1/0   '54757394'
     549   2/0     2/0     2/0     2/0     2/0     2/0     2/0     2/0     2/0   '54757390'
     550   1/0     1/0     1/0     1/0     1/0     1/0     1/0     1/0     1/0   '54757295'
# counts of output and dropped structures after processing steps
# index  sdstex  htreat  desalt  neutra   epik    guard  stereo    cgx   filter  title
     551   1/0     1/0     1/0     1/0     1/0     1/0     1/0     1/0     1/0   '54757189'
     552   1/0     1/0     1/0     1/0     1/0     1/0     1/0     1/0     1/0   '50916698'
     553   1/0     1/0     1/0     1/0     1/0     1/0     1/0     1/0     1/0   '50916694'
     554   1/0     1/0     1/0     1/0     1/0     1/0     1/0     1/0     1/0   '50916527'
     555   1/0     1/0     1/0     1/0     1/0     1/0     1/0     1/0     1/0   '465217'
     556   1/0     1/0     1/0     1/0     1/0     1/0     1/0     1/0     1/0   '57403983'
     557   1/0     1/0     1/0     1/0     1/0     1/0     1/0     1/0     1/0   '56946502'
     558   1/0     1/0     1/0     1/0     1/0     1/0     1/0     1/0     1/0   '56946399'
     559   1/0     1/0     1/0     1/0     1/0     1/0     1/0     1/0     1/0   '56946398'
     560   1/0     1/0     1/0     1/0     1/0     1/0     1/0     1/0     1/0   '56946185'
     561   1/0     1/0     1/0     1/0     1/0     1/0     1/0     1/0     1/0   '56946180'
     562   1/0     1/0     1/0     1/0     1/0     1/0     1/0     1/0     1/0   '56945860'
     563   1/0     1/0     1/0     1/0     1/0     1/0     1/0     1/0     1/0   '50916528'
     564   1/0     1/0     1/0     1/0     1/0     1/0     1/0     1/0     1/0   '476514'
     565   1/0     1/0     1/0     1/0     1/0     1/0     1/0     1/0     1/0   '44820425'
     566   1/0     1/0     1/0     1/0     1/0     1/0     1/0     1/0     1/0   '44820269'
     567   1/0     1/0     1/0     1/0     1/0     1/0     1/0     1/0     1/0   '44819907'
     568   1/0     1/0     1/0     1/0     1/0     1/0     1/0     1/0     1/0   '44819558'
     569   1/0     1/0     1/0     1/0     1/0     1/0     1/0     1/0     1/0   '44818126'
     570   1/0     1/0     1/0     1/0     1/0     1/0     1/0     1/0     1/0   '44817947'
     571   1/0     1/0     1/0     1/0     1/0     1/0     1/0     1/0     1/0   '44627269'

# of processed structures in "ligprep_1-out.maegz" : 1336
# of dropped structures in "ligprep_1-dropped.sdf" : 0

backend run time: 3 hours 3 minutes 15.969 seconds
